2025-08-04T01:37:02.873+05:30  INFO 15312 --- [11-BackEnd] [main] backend.Application                      : Starting Application using Java 24.0.1 with PID 15312 (E:\Intelij IDEA\IdeaProjects\AAD\SPRING\Spring-Framework\11-BackEnd\target\classes started by LENOVO in E:\Intelij IDEA\IdeaProjects\AAD\SPRING\Spring-Framework)
2025-08-04T01:37:02.876+05:30  INFO 15312 --- [11-BackEnd] [main] backend.Application                      : No active profile set, falling back to 1 default profile: "default"
2025-08-04T01:37:04.224+05:30  INFO 15312 --- [11-BackEnd] [main] .s.d.r.c.RepositoryConfigurationDelegate : Bootstrapping Spring Data JPA repositories in DEFAULT mode.
2025-08-04T01:37:04.324+05:30  INFO 15312 --- [11-BackEnd] [main] .s.d.r.c.RepositoryConfigurationDelegate : Finished Spring Data repository scanning in 86 ms. Found 1 JPA repository interface.
2025-08-04T01:37:05.768+05:30  INFO 15312 --- [11-BackEnd] [main] o.s.b.w.embedded.tomcat.TomcatWebServer  : Tomcat initialized with port 8080 (http)
2025-08-04T01:37:05.792+05:30  INFO 15312 --- [11-BackEnd] [main] o.apache.catalina.core.StandardService   : Starting service [Tomcat]
2025-08-04T01:37:05.793+05:30  INFO 15312 --- [11-BackEnd] [main] o.apache.catalina.core.StandardEngine    : Starting Servlet engine: [Apache Tomcat/10.1.43]
2025-08-04T01:37:05.864+05:30  INFO 15312 --- [11-BackEnd] [main] o.a.c.c.C.[Tomcat].[localhost].[/]       : Initializing Spring embedded WebApplicationContext
2025-08-04T01:37:05.864+05:30  INFO 15312 --- [11-BackEnd] [main] w.s.c.ServletWebServerApplicationContext : Root WebApplicationContext: initialization completed in 2936 ms
2025-08-04T01:37:06.129+05:30  INFO 15312 --- [11-BackEnd] [main] o.hibernate.jpa.internal.util.LogHelper  : HHH000204: Processing PersistenceUnitInfo [name: default]
2025-08-04T01:37:06.236+05:30  INFO 15312 --- [11-BackEnd] [main] org.hibernate.Version                    : HHH000412: Hibernate ORM core version 6.6.22.Final
2025-08-04T01:37:06.309+05:30  INFO 15312 --- [11-BackEnd] [main] o.h.c.internal.RegionFactoryInitiator    : HHH000026: Second-level cache disabled
2025-08-04T01:37:06.672+05:30  INFO 15312 --- [11-BackEnd] [main] o.s.o.j.p.SpringPersistenceUnitInfo      : No LoadTimeWeaver setup: ignoring JPA class transformer
2025-08-04T01:37:06.706+05:30  INFO 15312 --- [11-BackEnd] [main] com.zaxxer.hikari.HikariDataSource       : HikariPool-1 - Starting...
2025-08-04T01:37:07.518+05:30  INFO 15312 --- [11-BackEnd] [main] com.zaxxer.hikari.pool.HikariPool        : HikariPool-1 - Added connection com.mysql.cj.jdbc.ConnectionImpl@7b3c0ecb
2025-08-04T01:37:07.519+05:30  INFO 15312 --- [11-BackEnd] [main] com.zaxxer.hikari.HikariDataSource       : HikariPool-1 - Start completed.
2025-08-04T01:37:07.658+05:30  WARN 15312 --- [11-BackEnd] [main] org.hibernate.orm.deprecation            : HHH90000025: MySQL8Dialect does not need to be specified explicitly using 'hibernate.dialect' (remove the property setting and it will be selected by default)
2025-08-04T01:37:07.659+05:30  WARN 15312 --- [11-BackEnd] [main] org.hibernate.orm.deprecation            : HHH90000026: MySQL8Dialect has been deprecated; use org.hibernate.dialect.MySQLDialect instead
2025-08-04T01:37:07.680+05:30  INFO 15312 --- [11-BackEnd] [main] org.hibernate.orm.connections.pooling    : HHH10001005: Database info:
	Database JDBC URL [Connecting through datasource 'HikariDataSource (HikariPool-1)']
	Database driver: undefined/unknown
	Database version: 8.0
	Autocommit mode: undefined/unknown
	Isolation level: undefined/unknown
	Minimum pool size: undefined/unknown
	Maximum pool size: undefined/unknown
2025-08-04T01:37:08.580+05:30  INFO 15312 --- [11-BackEnd] [main] o.h.e.t.j.p.i.JtaPlatformInitiator       : HHH000489: No JTA platform available (set 'hibernate.transaction.jta.platform' to enable JTA platform integration)
2025-08-04T01:37:08.746+05:30  INFO 15312 --- [11-BackEnd] [main] j.LocalContainerEntityManagerFactoryBean : Initialized JPA EntityManagerFactory for persistence unit 'default'
2025-08-04T01:37:09.005+05:30  INFO 15312 --- [11-BackEnd] [main] o.s.d.j.r.query.QueryEnhancerFactory     : Hibernate is in classpath; If applicable, HQL parser will be used.
2025-08-04T01:37:09.217+05:30  WARN 15312 --- [11-BackEnd] [main] JpaBaseConfiguration$JpaWebConfiguration : spring.jpa.open-in-view is enabled by default. Therefore, database queries may be performed during view rendering. Explicitly configure spring.jpa.open-in-view to disable this warning
2025-08-04T01:37:09.674+05:30  INFO 15312 --- [11-BackEnd] [main] o.s.b.w.embedded.tomcat.TomcatWebServer  : Tomcat started on port 8080 (http) with context path '/'
2025-08-04T01:37:09.681+05:30  INFO 15312 --- [11-BackEnd] [main] backend.Application                      : Started Application in 7.462 seconds (process running for 10.693)
2025-08-04T01:37:26.546+05:30  INFO 15312 --- [11-BackEnd] [SpringApplicationShutdownHook] o.s.b.w.e.tomcat.GracefulShutdown        : Commencing graceful shutdown. Waiting for active requests to complete
2025-08-04T01:37:26.573+05:30  INFO 15312 --- [11-BackEnd] [tomcat-shutdown] o.s.b.w.e.tomcat.GracefulShutdown        : Graceful shutdown complete
2025-08-04T01:37:26.581+05:30  INFO 15312 --- [11-BackEnd] [SpringApplicationShutdownHook] j.LocalContainerEntityManagerFactoryBean : Closing JPA EntityManagerFactory for persistence unit 'default'
2025-08-04T01:37:26.587+05:30  INFO 15312 --- [11-BackEnd] [SpringApplicationShutdownHook] com.zaxxer.hikari.HikariDataSource       : HikariPool-1 - Shutdown initiated...
2025-08-04T01:37:26.607+05:30  INFO 15312 --- [11-BackEnd] [SpringApplicationShutdownHook] com.zaxxer.hikari.HikariDataSource       : HikariPool-1 - Shutdown completed.
2025-08-04T01:37:31.030+05:30  INFO 16540 --- [11-BackEnd] [main] backend.Application                      : Starting Application using Java 24.0.1 with PID 16540 (E:\Intelij IDEA\IdeaProjects\AAD\SPRING\Spring-Framework\11-BackEnd\target\classes started by LENOVO in E:\Intelij IDEA\IdeaProjects\AAD\SPRING\Spring-Framework)
2025-08-04T01:37:31.033+05:30  INFO 16540 --- [11-BackEnd] [main] backend.Application                      : No active profile set, falling back to 1 default profile: "default"
2025-08-04T01:37:32.033+05:30  INFO 16540 --- [11-BackEnd] [main] .s.d.r.c.RepositoryConfigurationDelegate : Bootstrapping Spring Data JPA repositories in DEFAULT mode.
2025-08-04T01:37:32.096+05:30  INFO 16540 --- [11-BackEnd] [main] .s.d.r.c.RepositoryConfigurationDelegate : Finished Spring Data repository scanning in 52 ms. Found 1 JPA repository interface.
2025-08-04T01:37:32.510+05:30  INFO 16540 --- [11-BackEnd] [main] o.s.b.w.embedded.tomcat.TomcatWebServer  : Tomcat initialized with port 8080 (http)
2025-08-04T01:37:32.521+05:30  INFO 16540 --- [11-BackEnd] [main] o.apache.catalina.core.StandardService   : Starting service [Tomcat]
2025-08-04T01:37:32.522+05:30  INFO 16540 --- [11-BackEnd] [main] o.apache.catalina.core.StandardEngine    : Starting Servlet engine: [Apache Tomcat/10.1.43]
2025-08-04T01:37:32.570+05:30  INFO 16540 --- [11-BackEnd] [main] o.a.c.c.C.[Tomcat].[localhost].[/]       : Initializing Spring embedded WebApplicationContext
2025-08-04T01:37:32.570+05:30  INFO 16540 --- [11-BackEnd] [main] w.s.c.ServletWebServerApplicationContext : Root WebApplicationContext: initialization completed in 1482 ms
2025-08-04T01:37:32.699+05:30  INFO 16540 --- [11-BackEnd] [main] o.hibernate.jpa.internal.util.LogHelper  : HHH000204: Processing PersistenceUnitInfo [name: default]
2025-08-04T01:37:32.748+05:30  INFO 16540 --- [11-BackEnd] [main] org.hibernate.Version                    : HHH000412: Hibernate ORM core version 6.6.22.Final
2025-08-04T01:37:32.797+05:30  INFO 16540 --- [11-BackEnd] [main] o.h.c.internal.RegionFactoryInitiator    : HHH000026: Second-level cache disabled
2025-08-04T01:37:33.113+05:30  INFO 16540 --- [11-BackEnd] [main] o.s.o.j.p.SpringPersistenceUnitInfo      : No LoadTimeWeaver setup: ignoring JPA class transformer
2025-08-04T01:37:33.148+05:30  INFO 16540 --- [11-BackEnd] [main] com.zaxxer.hikari.HikariDataSource       : HikariPool-1 - Starting...
2025-08-04T01:37:33.581+05:30  INFO 16540 --- [11-BackEnd] [main] com.zaxxer.hikari.pool.HikariPool        : HikariPool-1 - Added connection com.mysql.cj.jdbc.ConnectionImpl@6906be0f
2025-08-04T01:37:33.582+05:30  INFO 16540 --- [11-BackEnd] [main] com.zaxxer.hikari.HikariDataSource       : HikariPool-1 - Start completed.
2025-08-04T01:37:33.700+05:30  WARN 16540 --- [11-BackEnd] [main] org.hibernate.orm.deprecation            : HHH90000025: MySQL8Dialect does not need to be specified explicitly using 'hibernate.dialect' (remove the property setting and it will be selected by default)
2025-08-04T01:37:33.702+05:30  WARN 16540 --- [11-BackEnd] [main] org.hibernate.orm.deprecation            : HHH90000026: MySQL8Dialect has been deprecated; use org.hibernate.dialect.MySQLDialect instead
2025-08-04T01:37:33.725+05:30  INFO 16540 --- [11-BackEnd] [main] org.hibernate.orm.connections.pooling    : HHH10001005: Database info:
	Database JDBC URL [Connecting through datasource 'HikariDataSource (HikariPool-1)']
	Database driver: undefined/unknown
	Database version: 8.0
	Autocommit mode: undefined/unknown
	Isolation level: undefined/unknown
	Minimum pool size: undefined/unknown
	Maximum pool size: undefined/unknown
2025-08-04T01:37:34.452+05:30  INFO 16540 --- [11-BackEnd] [main] o.h.e.t.j.p.i.JtaPlatformInitiator       : HHH000489: No JTA platform available (set 'hibernate.transaction.jta.platform' to enable JTA platform integration)
2025-08-04T01:37:34.507+05:30  INFO 16540 --- [11-BackEnd] [main] j.LocalContainerEntityManagerFactoryBean : Initialized JPA EntityManagerFactory for persistence unit 'default'
2025-08-04T01:37:34.698+05:30  INFO 16540 --- [11-BackEnd] [main] o.s.d.j.r.query.QueryEnhancerFactory     : Hibernate is in classpath; If applicable, HQL parser will be used.
2025-08-04T01:37:34.849+05:30  WARN 16540 --- [11-BackEnd] [main] JpaBaseConfiguration$JpaWebConfiguration : spring.jpa.open-in-view is enabled by default. Therefore, database queries may be performed during view rendering. Explicitly configure spring.jpa.open-in-view to disable this warning
2025-08-04T01:37:35.271+05:30  INFO 16540 --- [11-BackEnd] [main] o.s.b.w.embedded.tomcat.TomcatWebServer  : Tomcat started on port 8080 (http) with context path '/'
2025-08-04T01:37:35.279+05:30  INFO 16540 --- [11-BackEnd] [main] backend.Application                      : Started Application in 4.739 seconds (process running for 5.379)
2025-08-04T01:37:55.602+05:30  INFO 16540 --- [11-BackEnd] [http-nio-8080-exec-1] o.a.c.c.C.[Tomcat].[localhost].[/]       : Initializing Spring DispatcherServlet 'dispatcherServlet'
2025-08-04T01:37:55.602+05:30  INFO 16540 --- [11-BackEnd] [http-nio-8080-exec-1] o.s.web.servlet.DispatcherServlet        : Initializing Servlet 'dispatcherServlet'
2025-08-04T01:37:55.604+05:30  INFO 16540 --- [11-BackEnd] [http-nio-8080-exec-1] o.s.web.servlet.DispatcherServlet        : Completed initialization in 1 ms
2025-08-04T01:42:24.507+05:30  WARN 16540 --- [11-BackEnd] [HikariPool-1:housekeeper] com.zaxxer.hikari.pool.HikariPool        : HikariPool-1 - Thread starvation or clock leap detected (housekeeper delta=50s748ms102µs800ns).
2025-08-04T01:55:21.400+05:30  INFO 16540 --- [11-BackEnd] [SpringApplicationShutdownHook] o.s.b.w.e.tomcat.GracefulShutdown        : Commencing graceful shutdown. Waiting for active requests to complete
2025-08-04T01:55:21.875+05:30  INFO 16540 --- [11-BackEnd] [tomcat-shutdown] o.s.b.w.e.tomcat.GracefulShutdown        : Graceful shutdown complete
2025-08-04T01:55:21.985+05:30  INFO 16540 --- [11-BackEnd] [SpringApplicationShutdownHook] j.LocalContainerEntityManagerFactoryBean : Closing JPA EntityManagerFactory for persistence unit 'default'
2025-08-04T01:55:22.060+05:30  INFO 16540 --- [11-BackEnd] [SpringApplicationShutdownHook] com.zaxxer.hikari.HikariDataSource       : HikariPool-1 - Shutdown initiated...
2025-08-04T01:55:22.092+05:30  INFO 16540 --- [11-BackEnd] [SpringApplicationShutdownHook] com.zaxxer.hikari.HikariDataSource       : HikariPool-1 - Shutdown completed.
2025-08-04T01:55:59.501+05:30  INFO 6868 --- [11-BackEnd] [main] backend.Application                      : Starting Application using Java 24.0.1 with PID 6868 (E:\Intelij IDEA\IdeaProjects\AAD\SPRING\Spring-Framework\11-BackEnd\target\classes started by LENOVO in E:\Intelij IDEA\IdeaProjects\AAD\SPRING\Spring-Framework)
2025-08-04T01:55:59.505+05:30  INFO 6868 --- [11-BackEnd] [main] backend.Application                      : No active profile set, falling back to 1 default profile: "default"
2025-08-04T01:56:00.504+05:30  INFO 6868 --- [11-BackEnd] [main] .s.d.r.c.RepositoryConfigurationDelegate : Bootstrapping Spring Data JPA repositories in DEFAULT mode.
2025-08-04T01:56:00.566+05:30  INFO 6868 --- [11-BackEnd] [main] .s.d.r.c.RepositoryConfigurationDelegate : Finished Spring Data repository scanning in 51 ms. Found 1 JPA repository interface.
2025-08-04T01:56:01.104+05:30  INFO 6868 --- [11-BackEnd] [main] o.s.b.w.embedded.tomcat.TomcatWebServer  : Tomcat initialized with port 8080 (http)
2025-08-04T01:56:01.123+05:30  INFO 6868 --- [11-BackEnd] [main] o.apache.catalina.core.StandardService   : Starting service [Tomcat]
2025-08-04T01:56:01.123+05:30  INFO 6868 --- [11-BackEnd] [main] o.apache.catalina.core.StandardEngine    : Starting Servlet engine: [Apache Tomcat/10.1.43]
2025-08-04T01:56:01.194+05:30  INFO 6868 --- [11-BackEnd] [main] o.a.c.c.C.[Tomcat].[localhost].[/]       : Initializing Spring embedded WebApplicationContext
2025-08-04T01:56:01.194+05:30  INFO 6868 --- [11-BackEnd] [main] w.s.c.ServletWebServerApplicationContext : Root WebApplicationContext: initialization completed in 1624 ms
2025-08-04T01:56:01.402+05:30  INFO 6868 --- [11-BackEnd] [main] o.hibernate.jpa.internal.util.LogHelper  : HHH000204: Processing PersistenceUnitInfo [name: default]
2025-08-04T01:56:01.476+05:30  INFO 6868 --- [11-BackEnd] [main] org.hibernate.Version                    : HHH000412: Hibernate ORM core version 6.6.22.Final
2025-08-04T01:56:01.542+05:30  INFO 6868 --- [11-BackEnd] [main] o.h.c.internal.RegionFactoryInitiator    : HHH000026: Second-level cache disabled
2025-08-04T01:56:01.970+05:30  INFO 6868 --- [11-BackEnd] [main] o.s.o.j.p.SpringPersistenceUnitInfo      : No LoadTimeWeaver setup: ignoring JPA class transformer
2025-08-04T01:56:02.016+05:30  INFO 6868 --- [11-BackEnd] [main] com.zaxxer.hikari.HikariDataSource       : HikariPool-1 - Starting...
2025-08-04T01:56:02.548+05:30  INFO 6868 --- [11-BackEnd] [main] com.zaxxer.hikari.pool.HikariPool        : HikariPool-1 - Added connection com.mysql.cj.jdbc.ConnectionImpl@516c20de
2025-08-04T01:56:02.550+05:30  INFO 6868 --- [11-BackEnd] [main] com.zaxxer.hikari.HikariDataSource       : HikariPool-1 - Start completed.
2025-08-04T01:56:02.632+05:30  WARN 6868 --- [11-BackEnd] [main] org.hibernate.orm.deprecation            : HHH90000025: MySQL8Dialect does not need to be specified explicitly using 'hibernate.dialect' (remove the property setting and it will be selected by default)
2025-08-04T01:56:02.633+05:30  WARN 6868 --- [11-BackEnd] [main] org.hibernate.orm.deprecation            : HHH90000026: MySQL8Dialect has been deprecated; use org.hibernate.dialect.MySQLDialect instead
2025-08-04T01:56:02.650+05:30  INFO 6868 --- [11-BackEnd] [main] org.hibernate.orm.connections.pooling    : HHH10001005: Database info:
	Database JDBC URL [Connecting through datasource 'HikariDataSource (HikariPool-1)']
	Database driver: undefined/unknown
	Database version: 8.0
	Autocommit mode: undefined/unknown
	Isolation level: undefined/unknown
	Minimum pool size: undefined/unknown
	Maximum pool size: undefined/unknown
2025-08-04T01:56:03.515+05:30  INFO 6868 --- [11-BackEnd] [main] o.h.e.t.j.p.i.JtaPlatformInitiator       : HHH000489: No JTA platform available (set 'hibernate.transaction.jta.platform' to enable JTA platform integration)
2025-08-04T01:56:03.663+05:30  INFO 6868 --- [11-BackEnd] [main] j.LocalContainerEntityManagerFactoryBean : Initialized JPA EntityManagerFactory for persistence unit 'default'
2025-08-04T01:56:03.900+05:30  INFO 6868 --- [11-BackEnd] [main] o.s.d.j.r.query.QueryEnhancerFactory     : Hibernate is in classpath; If applicable, HQL parser will be used.
2025-08-04T01:56:04.113+05:30  WARN 6868 --- [11-BackEnd] [main] JpaBaseConfiguration$JpaWebConfiguration : spring.jpa.open-in-view is enabled by default. Therefore, database queries may be performed during view rendering. Explicitly configure spring.jpa.open-in-view to disable this warning
2025-08-04T01:56:04.568+05:30  INFO 6868 --- [11-BackEnd] [main] o.s.b.w.embedded.tomcat.TomcatWebServer  : Tomcat started on port 8080 (http) with context path '/'
2025-08-04T01:56:04.576+05:30  INFO 6868 --- [11-BackEnd] [main] backend.Application                      : Started Application in 5.803 seconds (process running for 6.95)
2025-08-04T01:56:11.152+05:30  INFO 6868 --- [11-BackEnd] [http-nio-8080-exec-2] o.a.c.c.C.[Tomcat].[localhost].[/]       : Initializing Spring DispatcherServlet 'dispatcherServlet'
2025-08-04T01:56:11.153+05:30  INFO 6868 --- [11-BackEnd] [http-nio-8080-exec-2] o.s.web.servlet.DispatcherServlet        : Initializing Servlet 'dispatcherServlet'
2025-08-04T01:56:11.154+05:30  INFO 6868 --- [11-BackEnd] [http-nio-8080-exec-2] o.s.web.servlet.DispatcherServlet        : Completed initialization in 1 ms
2025-08-04T02:04:10.174+05:30  INFO 6868 --- [11-BackEnd] [SpringApplicationShutdownHook] o.s.b.w.e.tomcat.GracefulShutdown        : Commencing graceful shutdown. Waiting for active requests to complete
2025-08-04T02:04:10.203+05:30  INFO 6868 --- [11-BackEnd] [tomcat-shutdown] o.s.b.w.e.tomcat.GracefulShutdown        : Graceful shutdown complete
2025-08-04T02:04:10.212+05:30  INFO 6868 --- [11-BackEnd] [SpringApplicationShutdownHook] j.LocalContainerEntityManagerFactoryBean : Closing JPA EntityManagerFactory for persistence unit 'default'
2025-08-04T02:04:10.219+05:30  INFO 6868 --- [11-BackEnd] [SpringApplicationShutdownHook] com.zaxxer.hikari.HikariDataSource       : HikariPool-1 - Shutdown initiated...
2025-08-04T02:04:10.237+05:30  INFO 6868 --- [11-BackEnd] [SpringApplicationShutdownHook] com.zaxxer.hikari.HikariDataSource       : HikariPool-1 - Shutdown completed.
2025-08-04T02:05:30.760+05:30  INFO 8472 --- [11-BackEnd] [main] backend.Application                      : Starting Application using Java 24.0.1 with PID 8472 (E:\Intelij IDEA\IdeaProjects\AAD\SPRING\Spring-Framework\11-BackEnd\target\classes started by LENOVO in E:\Intelij IDEA\IdeaProjects\AAD\SPRING\Spring-Framework)
2025-08-04T02:05:30.762+05:30  INFO 8472 --- [11-BackEnd] [main] backend.Application                      : No active profile set, falling back to 1 default profile: "default"
2025-08-04T02:05:31.733+05:30  INFO 8472 --- [11-BackEnd] [main] .s.d.r.c.RepositoryConfigurationDelegate : Bootstrapping Spring Data JPA repositories in DEFAULT mode.
2025-08-04T02:05:31.781+05:30  INFO 8472 --- [11-BackEnd] [main] .s.d.r.c.RepositoryConfigurationDelegate : Finished Spring Data repository scanning in 41 ms. Found 1 JPA repository interface.
2025-08-04T02:05:32.268+05:30  INFO 8472 --- [11-BackEnd] [main] o.s.b.w.embedded.tomcat.TomcatWebServer  : Tomcat initialized with port 8080 (http)
2025-08-04T02:05:32.283+05:30  INFO 8472 --- [11-BackEnd] [main] o.apache.catalina.core.StandardService   : Starting service [Tomcat]
2025-08-04T02:05:32.283+05:30  INFO 8472 --- [11-BackEnd] [main] o.apache.catalina.core.StandardEngine    : Starting Servlet engine: [Apache Tomcat/10.1.43]
2025-08-04T02:05:32.347+05:30  INFO 8472 --- [11-BackEnd] [main] o.a.c.c.C.[Tomcat].[localhost].[/]       : Initializing Spring embedded WebApplicationContext
2025-08-04T02:05:32.348+05:30  INFO 8472 --- [11-BackEnd] [main] w.s.c.ServletWebServerApplicationContext : Root WebApplicationContext: initialization completed in 1532 ms
2025-08-04T02:05:32.503+05:30  INFO 8472 --- [11-BackEnd] [main] o.hibernate.jpa.internal.util.LogHelper  : HHH000204: Processing PersistenceUnitInfo [name: default]
2025-08-04T02:05:32.576+05:30  INFO 8472 --- [11-BackEnd] [main] org.hibernate.Version                    : HHH000412: Hibernate ORM core version 6.6.22.Final
2025-08-04T02:05:32.628+05:30  INFO 8472 --- [11-BackEnd] [main] o.h.c.internal.RegionFactoryInitiator    : HHH000026: Second-level cache disabled
2025-08-04T02:05:32.900+05:30  INFO 8472 --- [11-BackEnd] [main] o.s.o.j.p.SpringPersistenceUnitInfo      : No LoadTimeWeaver setup: ignoring JPA class transformer
2025-08-04T02:05:32.925+05:30  INFO 8472 --- [11-BackEnd] [main] com.zaxxer.hikari.HikariDataSource       : HikariPool-1 - Starting...
2025-08-04T02:05:33.403+05:30  INFO 8472 --- [11-BackEnd] [main] com.zaxxer.hikari.pool.HikariPool        : HikariPool-1 - Added connection com.mysql.cj.jdbc.ConnectionImpl@370a8b6e
2025-08-04T02:05:33.406+05:30  INFO 8472 --- [11-BackEnd] [main] com.zaxxer.hikari.HikariDataSource       : HikariPool-1 - Start completed.
2025-08-04T02:05:33.482+05:30  WARN 8472 --- [11-BackEnd] [main] org.hibernate.orm.deprecation            : HHH90000025: MySQL8Dialect does not need to be specified explicitly using 'hibernate.dialect' (remove the property setting and it will be selected by default)
2025-08-04T02:05:33.484+05:30  WARN 8472 --- [11-BackEnd] [main] org.hibernate.orm.deprecation            : HHH90000026: MySQL8Dialect has been deprecated; use org.hibernate.dialect.MySQLDialect instead
2025-08-04T02:05:33.500+05:30  INFO 8472 --- [11-BackEnd] [main] org.hibernate.orm.connections.pooling    : HHH10001005: Database info:
	Database JDBC URL [Connecting through datasource 'HikariDataSource (HikariPool-1)']
	Database driver: undefined/unknown
	Database version: 8.0
	Autocommit mode: undefined/unknown
	Isolation level: undefined/unknown
	Minimum pool size: undefined/unknown
	Maximum pool size: undefined/unknown
2025-08-04T02:05:34.337+05:30  INFO 8472 --- [11-BackEnd] [main] o.h.e.t.j.p.i.JtaPlatformInitiator       : HHH000489: No JTA platform available (set 'hibernate.transaction.jta.platform' to enable JTA platform integration)
2025-08-04T02:05:34.451+05:30  INFO 8472 --- [11-BackEnd] [main] j.LocalContainerEntityManagerFactoryBean : Initialized JPA EntityManagerFactory for persistence unit 'default'
2025-08-04T02:05:34.664+05:30  INFO 8472 --- [11-BackEnd] [main] o.s.d.j.r.query.QueryEnhancerFactory     : Hibernate is in classpath; If applicable, HQL parser will be used.
2025-08-04T02:05:34.829+05:30  WARN 8472 --- [11-BackEnd] [main] JpaBaseConfiguration$JpaWebConfiguration : spring.jpa.open-in-view is enabled by default. Therefore, database queries may be performed during view rendering. Explicitly configure spring.jpa.open-in-view to disable this warning
2025-08-04T02:05:35.296+05:30  INFO 8472 --- [11-BackEnd] [main] o.s.b.w.embedded.tomcat.TomcatWebServer  : Tomcat started on port 8080 (http) with context path '/'
2025-08-04T02:05:35.305+05:30  INFO 8472 --- [11-BackEnd] [main] backend.Application                      : Started Application in 5.307 seconds (process running for 6.536)
2025-08-04T02:05:39.592+05:30  INFO 8472 --- [11-BackEnd] [http-nio-8080-exec-1] o.a.c.c.C.[Tomcat].[localhost].[/]       : Initializing Spring DispatcherServlet 'dispatcherServlet'
2025-08-04T02:05:39.592+05:30  INFO 8472 --- [11-BackEnd] [http-nio-8080-exec-1] o.s.web.servlet.DispatcherServlet        : Initializing Servlet 'dispatcherServlet'
2025-08-04T02:05:39.593+05:30  INFO 8472 --- [11-BackEnd] [http-nio-8080-exec-1] o.s.web.servlet.DispatcherServlet        : Completed initialization in 1 ms
2025-08-04T02:06:30.560+05:30  INFO 8472 --- [11-BackEnd] [SpringApplicationShutdownHook] o.s.b.w.e.tomcat.GracefulShutdown        : Commencing graceful shutdown. Waiting for active requests to complete
2025-08-04T02:06:30.596+05:30  INFO 8472 --- [11-BackEnd] [tomcat-shutdown] o.s.b.w.e.tomcat.GracefulShutdown        : Graceful shutdown complete
2025-08-04T02:06:30.603+05:30  INFO 8472 --- [11-BackEnd] [SpringApplicationShutdownHook] j.LocalContainerEntityManagerFactoryBean : Closing JPA EntityManagerFactory for persistence unit 'default'
2025-08-04T02:06:30.606+05:30  INFO 8472 --- [11-BackEnd] [SpringApplicationShutdownHook] com.zaxxer.hikari.HikariDataSource       : HikariPool-1 - Shutdown initiated...
2025-08-04T02:06:30.622+05:30  INFO 8472 --- [11-BackEnd] [SpringApplicationShutdownHook] com.zaxxer.hikari.HikariDataSource       : HikariPool-1 - Shutdown completed.
2025-08-04T12:56:54.739+05:30  INFO 12188 --- [11-BackEnd] [main] backend.Application                      : Starting Application using Java 24.0.1 with PID 12188 (E:\Intelij IDEA\IdeaProjects\AAD\SPRING\Spring-Framework\11-BackEnd\target\classes started by LENOVO in E:\Intelij IDEA\IdeaProjects\AAD\SPRING\Spring-Framework)
2025-08-04T12:56:54.740+05:30  INFO 12188 --- [11-BackEnd] [main] backend.Application                      : No active profile set, falling back to 1 default profile: "default"
2025-08-04T12:56:55.705+05:30  INFO 12188 --- [11-BackEnd] [main] .s.d.r.c.RepositoryConfigurationDelegate : Bootstrapping Spring Data JPA repositories in DEFAULT mode.
2025-08-04T12:56:55.755+05:30  INFO 12188 --- [11-BackEnd] [main] .s.d.r.c.RepositoryConfigurationDelegate : Finished Spring Data repository scanning in 41 ms. Found 1 JPA repository interface.
2025-08-04T12:56:56.207+05:30  INFO 12188 --- [11-BackEnd] [main] o.s.b.w.embedded.tomcat.TomcatWebServer  : Tomcat initialized with port 8080 (http)
2025-08-04T12:56:56.220+05:30  INFO 12188 --- [11-BackEnd] [main] o.apache.catalina.core.StandardService   : Starting service [Tomcat]
2025-08-04T12:56:56.221+05:30  INFO 12188 --- [11-BackEnd] [main] o.apache.catalina.core.StandardEngine    : Starting Servlet engine: [Apache Tomcat/10.1.43]
2025-08-04T12:56:56.265+05:30  INFO 12188 --- [11-BackEnd] [main] o.a.c.c.C.[Tomcat].[localhost].[/]       : Initializing Spring embedded WebApplicationContext
2025-08-04T12:56:56.265+05:30  INFO 12188 --- [11-BackEnd] [main] w.s.c.ServletWebServerApplicationContext : Root WebApplicationContext: initialization completed in 1482 ms
2025-08-04T12:56:56.430+05:30  INFO 12188 --- [11-BackEnd] [main] o.hibernate.jpa.internal.util.LogHelper  : HHH000204: Processing PersistenceUnitInfo [name: default]
2025-08-04T12:56:56.527+05:30  INFO 12188 --- [11-BackEnd] [main] org.hibernate.Version                    : HHH000412: Hibernate ORM core version 6.6.22.Final
2025-08-04T12:56:56.580+05:30  INFO 12188 --- [11-BackEnd] [main] o.h.c.internal.RegionFactoryInitiator    : HHH000026: Second-level cache disabled
2025-08-04T12:56:56.910+05:30  INFO 12188 --- [11-BackEnd] [main] o.s.o.j.p.SpringPersistenceUnitInfo      : No LoadTimeWeaver setup: ignoring JPA class transformer
2025-08-04T12:56:56.942+05:30  INFO 12188 --- [11-BackEnd] [main] com.zaxxer.hikari.HikariDataSource       : HikariPool-1 - Starting...
2025-08-04T12:56:57.655+05:30  INFO 12188 --- [11-BackEnd] [main] com.zaxxer.hikari.pool.HikariPool        : HikariPool-1 - Added connection com.mysql.cj.jdbc.ConnectionImpl@4491eaeb
2025-08-04T12:56:57.657+05:30  INFO 12188 --- [11-BackEnd] [main] com.zaxxer.hikari.HikariDataSource       : HikariPool-1 - Start completed.
2025-08-04T12:56:57.719+05:30  WARN 12188 --- [11-BackEnd] [main] org.hibernate.orm.deprecation            : HHH90000025: MySQL8Dialect does not need to be specified explicitly using 'hibernate.dialect' (remove the property setting and it will be selected by default)
2025-08-04T12:56:57.720+05:30  WARN 12188 --- [11-BackEnd] [main] org.hibernate.orm.deprecation            : HHH90000026: MySQL8Dialect has been deprecated; use org.hibernate.dialect.MySQLDialect instead
2025-08-04T12:56:57.734+05:30  INFO 12188 --- [11-BackEnd] [main] org.hibernate.orm.connections.pooling    : HHH10001005: Database info:
	Database JDBC URL [Connecting through datasource 'HikariDataSource (HikariPool-1)']
	Database driver: undefined/unknown
	Database version: 8.0
	Autocommit mode: undefined/unknown
	Isolation level: undefined/unknown
	Minimum pool size: undefined/unknown
	Maximum pool size: undefined/unknown
2025-08-04T12:56:58.633+05:30  INFO 12188 --- [11-BackEnd] [main] o.h.e.t.j.p.i.JtaPlatformInitiator       : HHH000489: No JTA platform available (set 'hibernate.transaction.jta.platform' to enable JTA platform integration)
2025-08-04T12:56:58.724+05:30  INFO 12188 --- [11-BackEnd] [main] j.LocalContainerEntityManagerFactoryBean : Initialized JPA EntityManagerFactory for persistence unit 'default'
2025-08-04T12:56:59.033+05:30  INFO 12188 --- [11-BackEnd] [main] o.s.d.j.r.query.QueryEnhancerFactory     : Hibernate is in classpath; If applicable, HQL parser will be used.
2025-08-04T12:56:59.248+05:30  WARN 12188 --- [11-BackEnd] [main] JpaBaseConfiguration$JpaWebConfiguration : spring.jpa.open-in-view is enabled by default. Therefore, database queries may be performed during view rendering. Explicitly configure spring.jpa.open-in-view to disable this warning
2025-08-04T12:56:59.709+05:30  INFO 12188 --- [11-BackEnd] [main] o.s.b.w.embedded.tomcat.TomcatWebServer  : Tomcat started on port 8080 (http) with context path '/'
2025-08-04T12:56:59.716+05:30  INFO 12188 --- [11-BackEnd] [main] backend.Application                      : Started Application in 5.434 seconds (process running for 11.376)
2025-08-04T12:57:13.882+05:30  INFO 12188 --- [11-BackEnd] [http-nio-8080-exec-1] o.a.c.c.C.[Tomcat].[localhost].[/]       : Initializing Spring DispatcherServlet 'dispatcherServlet'
2025-08-04T12:57:13.882+05:30  INFO 12188 --- [11-BackEnd] [http-nio-8080-exec-1] o.s.web.servlet.DispatcherServlet        : Initializing Servlet 'dispatcherServlet'
2025-08-04T12:57:13.884+05:30  INFO 12188 --- [11-BackEnd] [http-nio-8080-exec-1] o.s.web.servlet.DispatcherServlet        : Completed initialization in 1 ms
2025-08-04T13:10:25.717+05:30  INFO 12188 --- [11-BackEnd] [SpringApplicationShutdownHook] o.s.b.w.e.tomcat.GracefulShutdown        : Commencing graceful shutdown. Waiting for active requests to complete
2025-08-04T13:10:25.745+05:30  INFO 12188 --- [11-BackEnd] [tomcat-shutdown] o.s.b.w.e.tomcat.GracefulShutdown        : Graceful shutdown complete
2025-08-04T13:10:25.759+05:30  INFO 12188 --- [11-BackEnd] [SpringApplicationShutdownHook] j.LocalContainerEntityManagerFactoryBean : Closing JPA EntityManagerFactory for persistence unit 'default'
2025-08-04T13:10:25.770+05:30  INFO 12188 --- [11-BackEnd] [SpringApplicationShutdownHook] com.zaxxer.hikari.HikariDataSource       : HikariPool-1 - Shutdown initiated...
2025-08-04T13:10:25.785+05:30  INFO 12188 --- [11-BackEnd] [SpringApplicationShutdownHook] com.zaxxer.hikari.HikariDataSource       : HikariPool-1 - Shutdown completed.
2025-08-04T13:10:31.733+05:30  INFO 18260 --- [11-BackEnd] [main] backend.Application                      : Starting Application using Java 24.0.1 with PID 18260 (E:\Intelij IDEA\IdeaProjects\AAD\SPRING\Spring-Framework\11-BackEnd\target\classes started by LENOVO in E:\Intelij IDEA\IdeaProjects\AAD\SPRING\Spring-Framework)
2025-08-04T13:10:31.735+05:30  INFO 18260 --- [11-BackEnd] [main] backend.Application                      : No active profile set, falling back to 1 default profile: "default"
2025-08-04T13:10:32.544+05:30  INFO 18260 --- [11-BackEnd] [main] .s.d.r.c.RepositoryConfigurationDelegate : Bootstrapping Spring Data JPA repositories in DEFAULT mode.
2025-08-04T13:10:32.594+05:30  INFO 18260 --- [11-BackEnd] [main] .s.d.r.c.RepositoryConfigurationDelegate : Finished Spring Data repository scanning in 41 ms. Found 1 JPA repository interface.
2025-08-04T13:10:32.995+05:30  INFO 18260 --- [11-BackEnd] [main] o.s.b.w.embedded.tomcat.TomcatWebServer  : Tomcat initialized with port 8080 (http)
2025-08-04T13:10:33.008+05:30  INFO 18260 --- [11-BackEnd] [main] o.apache.catalina.core.StandardService   : Starting service [Tomcat]
2025-08-04T13:10:33.008+05:30  INFO 18260 --- [11-BackEnd] [main] o.apache.catalina.core.StandardEngine    : Starting Servlet engine: [Apache Tomcat/10.1.43]
2025-08-04T13:10:33.062+05:30  INFO 18260 --- [11-BackEnd] [main] o.a.c.c.C.[Tomcat].[localhost].[/]       : Initializing Spring embedded WebApplicationContext
2025-08-04T13:10:33.063+05:30  INFO 18260 --- [11-BackEnd] [main] w.s.c.ServletWebServerApplicationContext : Root WebApplicationContext: initialization completed in 1280 ms
2025-08-04T13:10:33.193+05:30  INFO 18260 --- [11-BackEnd] [main] o.hibernate.jpa.internal.util.LogHelper  : HHH000204: Processing PersistenceUnitInfo [name: default]
2025-08-04T13:10:33.278+05:30  INFO 18260 --- [11-BackEnd] [main] org.hibernate.Version                    : HHH000412: Hibernate ORM core version 6.6.22.Final
2025-08-04T13:10:33.336+05:30  INFO 18260 --- [11-BackEnd] [main] o.h.c.internal.RegionFactoryInitiator    : HHH000026: Second-level cache disabled
2025-08-04T13:10:33.588+05:30  INFO 18260 --- [11-BackEnd] [main] o.s.o.j.p.SpringPersistenceUnitInfo      : No LoadTimeWeaver setup: ignoring JPA class transformer
2025-08-04T13:10:33.616+05:30  INFO 18260 --- [11-BackEnd] [main] com.zaxxer.hikari.HikariDataSource       : HikariPool-1 - Starting...
2025-08-04T13:10:34.030+05:30  INFO 18260 --- [11-BackEnd] [main] com.zaxxer.hikari.pool.HikariPool        : HikariPool-1 - Added connection com.mysql.cj.jdbc.ConnectionImpl@516c20de
2025-08-04T13:10:34.031+05:30  INFO 18260 --- [11-BackEnd] [main] com.zaxxer.hikari.HikariDataSource       : HikariPool-1 - Start completed.
2025-08-04T13:10:34.081+05:30  WARN 18260 --- [11-BackEnd] [main] org.hibernate.orm.deprecation            : HHH90000025: MySQL8Dialect does not need to be specified explicitly using 'hibernate.dialect' (remove the property setting and it will be selected by default)
2025-08-04T13:10:34.082+05:30  WARN 18260 --- [11-BackEnd] [main] org.hibernate.orm.deprecation            : HHH90000026: MySQL8Dialect has been deprecated; use org.hibernate.dialect.MySQLDialect instead
2025-08-04T13:10:34.097+05:30  INFO 18260 --- [11-BackEnd] [main] org.hibernate.orm.connections.pooling    : HHH10001005: Database info:
	Database JDBC URL [Connecting through datasource 'HikariDataSource (HikariPool-1)']
	Database driver: undefined/unknown
	Database version: 8.0
	Autocommit mode: undefined/unknown
	Isolation level: undefined/unknown
	Minimum pool size: undefined/unknown
	Maximum pool size: undefined/unknown
2025-08-04T13:10:34.921+05:30  INFO 18260 --- [11-BackEnd] [main] o.h.e.t.j.p.i.JtaPlatformInitiator       : HHH000489: No JTA platform available (set 'hibernate.transaction.jta.platform' to enable JTA platform integration)
2025-08-04T13:10:34.978+05:30  INFO 18260 --- [11-BackEnd] [main] j.LocalContainerEntityManagerFactoryBean : Initialized JPA EntityManagerFactory for persistence unit 'default'
2025-08-04T13:10:35.163+05:30  INFO 18260 --- [11-BackEnd] [main] o.s.d.j.r.query.QueryEnhancerFactory     : Hibernate is in classpath; If applicable, HQL parser will be used.
2025-08-04T13:10:35.318+05:30  WARN 18260 --- [11-BackEnd] [main] JpaBaseConfiguration$JpaWebConfiguration : spring.jpa.open-in-view is enabled by default. Therefore, database queries may be performed during view rendering. Explicitly configure spring.jpa.open-in-view to disable this warning
2025-08-04T13:10:35.707+05:30  INFO 18260 --- [11-BackEnd] [main] o.s.b.w.embedded.tomcat.TomcatWebServer  : Tomcat started on port 8080 (http) with context path '/'
2025-08-04T13:10:35.714+05:30  INFO 18260 --- [11-BackEnd] [main] backend.Application                      : Started Application in 4.475 seconds (process running for 5.342)
2025-08-04T13:10:41.405+05:30  INFO 18260 --- [11-BackEnd] [http-nio-8080-exec-1] o.a.c.c.C.[Tomcat].[localhost].[/]       : Initializing Spring DispatcherServlet 'dispatcherServlet'
2025-08-04T13:10:41.406+05:30  INFO 18260 --- [11-BackEnd] [http-nio-8080-exec-1] o.s.web.servlet.DispatcherServlet        : Initializing Servlet 'dispatcherServlet'
2025-08-04T13:10:41.406+05:30  INFO 18260 --- [11-BackEnd] [http-nio-8080-exec-1] o.s.web.servlet.DispatcherServlet        : Completed initialization in 0 ms
2025-08-04T13:30:05.625+05:30  INFO 18260 --- [11-BackEnd] [SpringApplicationShutdownHook] o.s.b.w.e.tomcat.GracefulShutdown        : Commencing graceful shutdown. Waiting for active requests to complete
2025-08-04T13:30:05.650+05:30  INFO 18260 --- [11-BackEnd] [tomcat-shutdown] o.s.b.w.e.tomcat.GracefulShutdown        : Graceful shutdown complete
2025-08-04T13:30:05.657+05:30  INFO 18260 --- [11-BackEnd] [SpringApplicationShutdownHook] j.LocalContainerEntityManagerFactoryBean : Closing JPA EntityManagerFactory for persistence unit 'default'
2025-08-04T13:30:05.662+05:30  INFO 18260 --- [11-BackEnd] [SpringApplicationShutdownHook] com.zaxxer.hikari.HikariDataSource       : HikariPool-1 - Shutdown initiated...
2025-08-04T13:30:05.673+05:30  INFO 18260 --- [11-BackEnd] [SpringApplicationShutdownHook] com.zaxxer.hikari.HikariDataSource       : HikariPool-1 - Shutdown completed.
2025-08-04T13:30:10.047+05:30  INFO 14976 --- [11-BackEnd] [main] backend.Application                      : Starting Application using Java 24.0.1 with PID 14976 (E:\Intelij IDEA\IdeaProjects\AAD\SPRING\Spring-Framework\11-BackEnd\target\classes started by LENOVO in E:\Intelij IDEA\IdeaProjects\AAD\SPRING\Spring-Framework)
2025-08-04T13:30:10.049+05:30  INFO 14976 --- [11-BackEnd] [main] backend.Application                      : No active profile set, falling back to 1 default profile: "default"
2025-08-04T13:30:10.840+05:30  INFO 14976 --- [11-BackEnd] [main] .s.d.r.c.RepositoryConfigurationDelegate : Bootstrapping Spring Data JPA repositories in DEFAULT mode.
2025-08-04T13:30:10.899+05:30  INFO 14976 --- [11-BackEnd] [main] .s.d.r.c.RepositoryConfigurationDelegate : Finished Spring Data repository scanning in 46 ms. Found 1 JPA repository interface.
2025-08-04T13:30:11.405+05:30  INFO 14976 --- [11-BackEnd] [main] o.s.b.w.embedded.tomcat.TomcatWebServer  : Tomcat initialized with port 8080 (http)
2025-08-04T13:30:11.419+05:30  INFO 14976 --- [11-BackEnd] [main] o.apache.catalina.core.StandardService   : Starting service [Tomcat]
2025-08-04T13:30:11.420+05:30  INFO 14976 --- [11-BackEnd] [main] o.apache.catalina.core.StandardEngine    : Starting Servlet engine: [Apache Tomcat/10.1.43]
2025-08-04T13:30:11.516+05:30  INFO 14976 --- [11-BackEnd] [main] o.a.c.c.C.[Tomcat].[localhost].[/]       : Initializing Spring embedded WebApplicationContext
2025-08-04T13:30:11.518+05:30  INFO 14976 --- [11-BackEnd] [main] w.s.c.ServletWebServerApplicationContext : Root WebApplicationContext: initialization completed in 1413 ms
2025-08-04T13:30:11.881+05:30  INFO 14976 --- [11-BackEnd] [main] o.hibernate.jpa.internal.util.LogHelper  : HHH000204: Processing PersistenceUnitInfo [name: default]
2025-08-04T13:30:11.985+05:30  INFO 14976 --- [11-BackEnd] [main] org.hibernate.Version                    : HHH000412: Hibernate ORM core version 6.6.22.Final
2025-08-04T13:30:12.051+05:30  INFO 14976 --- [11-BackEnd] [main] o.h.c.internal.RegionFactoryInitiator    : HHH000026: Second-level cache disabled
2025-08-04T13:30:12.406+05:30  INFO 14976 --- [11-BackEnd] [main] o.s.o.j.p.SpringPersistenceUnitInfo      : No LoadTimeWeaver setup: ignoring JPA class transformer
2025-08-04T13:30:12.446+05:30  INFO 14976 --- [11-BackEnd] [main] com.zaxxer.hikari.HikariDataSource       : HikariPool-1 - Starting...
2025-08-04T13:30:12.981+05:30  INFO 14976 --- [11-BackEnd] [main] com.zaxxer.hikari.pool.HikariPool        : HikariPool-1 - Added connection com.mysql.cj.jdbc.ConnectionImpl@74830d73
2025-08-04T13:30:12.983+05:30  INFO 14976 --- [11-BackEnd] [main] com.zaxxer.hikari.HikariDataSource       : HikariPool-1 - Start completed.
2025-08-04T13:30:13.047+05:30  WARN 14976 --- [11-BackEnd] [main] org.hibernate.orm.deprecation            : HHH90000025: MySQL8Dialect does not need to be specified explicitly using 'hibernate.dialect' (remove the property setting and it will be selected by default)
2025-08-04T13:30:13.049+05:30  WARN 14976 --- [11-BackEnd] [main] org.hibernate.orm.deprecation            : HHH90000026: MySQL8Dialect has been deprecated; use org.hibernate.dialect.MySQLDialect instead
2025-08-04T13:30:13.069+05:30  INFO 14976 --- [11-BackEnd] [main] org.hibernate.orm.connections.pooling    : HHH10001005: Database info:
	Database JDBC URL [Connecting through datasource 'HikariDataSource (HikariPool-1)']
	Database driver: undefined/unknown
	Database version: 8.0
	Autocommit mode: undefined/unknown
	Isolation level: undefined/unknown
	Minimum pool size: undefined/unknown
	Maximum pool size: undefined/unknown
2025-08-04T13:30:14.213+05:30  INFO 14976 --- [11-BackEnd] [main] o.h.e.t.j.p.i.JtaPlatformInitiator       : HHH000489: No JTA platform available (set 'hibernate.transaction.jta.platform' to enable JTA platform integration)
2025-08-04T13:30:14.278+05:30  INFO 14976 --- [11-BackEnd] [main] j.LocalContainerEntityManagerFactoryBean : Initialized JPA EntityManagerFactory for persistence unit 'default'
2025-08-04T13:30:14.587+05:30  INFO 14976 --- [11-BackEnd] [main] o.s.d.j.r.query.QueryEnhancerFactory     : Hibernate is in classpath; If applicable, HQL parser will be used.
2025-08-04T13:30:14.765+05:30  WARN 14976 --- [11-BackEnd] [main] JpaBaseConfiguration$JpaWebConfiguration : spring.jpa.open-in-view is enabled by default. Therefore, database queries may be performed during view rendering. Explicitly configure spring.jpa.open-in-view to disable this warning
2025-08-04T13:30:15.452+05:30  INFO 14976 --- [11-BackEnd] [main] o.s.b.w.embedded.tomcat.TomcatWebServer  : Tomcat started on port 8080 (http) with context path '/'
2025-08-04T13:30:15.463+05:30  INFO 14976 --- [11-BackEnd] [main] backend.Application                      : Started Application in 5.958 seconds (process running for 6.784)
2025-08-04T13:30:15.548+05:30  INFO 14976 --- [11-BackEnd] [http-nio-8080-exec-1] o.a.c.c.C.[Tomcat].[localhost].[/]       : Initializing Spring DispatcherServlet 'dispatcherServlet'
2025-08-04T13:30:15.549+05:30  INFO 14976 --- [11-BackEnd] [http-nio-8080-exec-1] o.s.web.servlet.DispatcherServlet        : Initializing Servlet 'dispatcherServlet'
2025-08-04T13:30:15.552+05:30  INFO 14976 --- [11-BackEnd] [http-nio-8080-exec-1] o.s.web.servlet.DispatcherServlet        : Completed initialization in 3 ms
2025-08-04T13:36:27.090+05:30  INFO 14976 --- [11-BackEnd] [SpringApplicationShutdownHook] o.s.b.w.e.tomcat.GracefulShutdown        : Commencing graceful shutdown. Waiting for active requests to complete
2025-08-04T13:36:27.110+05:30  INFO 14976 --- [11-BackEnd] [tomcat-shutdown] o.s.b.w.e.tomcat.GracefulShutdown        : Graceful shutdown complete
2025-08-04T13:36:27.116+05:30  INFO 14976 --- [11-BackEnd] [SpringApplicationShutdownHook] j.LocalContainerEntityManagerFactoryBean : Closing JPA EntityManagerFactory for persistence unit 'default'
2025-08-04T13:36:27.120+05:30  INFO 14976 --- [11-BackEnd] [SpringApplicationShutdownHook] com.zaxxer.hikari.HikariDataSource       : HikariPool-1 - Shutdown initiated...
2025-08-04T13:36:27.129+05:30  INFO 14976 --- [11-BackEnd] [SpringApplicationShutdownHook] com.zaxxer.hikari.HikariDataSource       : HikariPool-1 - Shutdown completed.
2025-08-04T13:36:29.772+05:30  INFO 13064 --- [11-BackEnd] [main] backend.Application                      : Starting Application using Java 24.0.1 with PID 13064 (E:\Intelij IDEA\IdeaProjects\AAD\SPRING\Spring-Framework\11-BackEnd\target\classes started by LENOVO in E:\Intelij IDEA\IdeaProjects\AAD\SPRING\Spring-Framework)
2025-08-04T13:36:29.774+05:30  INFO 13064 --- [11-BackEnd] [main] backend.Application                      : No active profile set, falling back to 1 default profile: "default"
2025-08-04T13:36:30.511+05:30  INFO 13064 --- [11-BackEnd] [main] .s.d.r.c.RepositoryConfigurationDelegate : Bootstrapping Spring Data JPA repositories in DEFAULT mode.
2025-08-04T13:36:30.561+05:30  INFO 13064 --- [11-BackEnd] [main] .s.d.r.c.RepositoryConfigurationDelegate : Finished Spring Data repository scanning in 41 ms. Found 1 JPA repository interface.
2025-08-04T13:36:30.961+05:30  INFO 13064 --- [11-BackEnd] [main] o.s.b.w.embedded.tomcat.TomcatWebServer  : Tomcat initialized with port 8080 (http)
2025-08-04T13:36:30.982+05:30  INFO 13064 --- [11-BackEnd] [main] o.apache.catalina.core.StandardService   : Starting service [Tomcat]
2025-08-04T13:36:30.982+05:30  INFO 13064 --- [11-BackEnd] [main] o.apache.catalina.core.StandardEngine    : Starting Servlet engine: [Apache Tomcat/10.1.43]
2025-08-04T13:36:31.027+05:30  INFO 13064 --- [11-BackEnd] [main] o.a.c.c.C.[Tomcat].[localhost].[/]       : Initializing Spring embedded WebApplicationContext
2025-08-04T13:36:31.027+05:30  INFO 13064 --- [11-BackEnd] [main] w.s.c.ServletWebServerApplicationContext : Root WebApplicationContext: initialization completed in 1201 ms
2025-08-04T13:36:31.171+05:30  INFO 13064 --- [11-BackEnd] [main] o.hibernate.jpa.internal.util.LogHelper  : HHH000204: Processing PersistenceUnitInfo [name: default]
2025-08-04T13:36:31.224+05:30  INFO 13064 --- [11-BackEnd] [main] org.hibernate.Version                    : HHH000412: Hibernate ORM core version 6.6.22.Final
2025-08-04T13:36:31.264+05:30  INFO 13064 --- [11-BackEnd] [main] o.h.c.internal.RegionFactoryInitiator    : HHH000026: Second-level cache disabled
2025-08-04T13:36:31.477+05:30  INFO 13064 --- [11-BackEnd] [main] o.s.o.j.p.SpringPersistenceUnitInfo      : No LoadTimeWeaver setup: ignoring JPA class transformer
2025-08-04T13:36:31.504+05:30  INFO 13064 --- [11-BackEnd] [main] com.zaxxer.hikari.HikariDataSource       : HikariPool-1 - Starting...
2025-08-04T13:36:31.863+05:30  INFO 13064 --- [11-BackEnd] [main] com.zaxxer.hikari.pool.HikariPool        : HikariPool-1 - Added connection com.mysql.cj.jdbc.ConnectionImpl@516c20de
2025-08-04T13:36:31.865+05:30  INFO 13064 --- [11-BackEnd] [main] com.zaxxer.hikari.HikariDataSource       : HikariPool-1 - Start completed.
2025-08-04T13:36:31.910+05:30  WARN 13064 --- [11-BackEnd] [main] org.hibernate.orm.deprecation            : HHH90000025: MySQL8Dialect does not need to be specified explicitly using 'hibernate.dialect' (remove the property setting and it will be selected by default)
2025-08-04T13:36:31.912+05:30  WARN 13064 --- [11-BackEnd] [main] org.hibernate.orm.deprecation            : HHH90000026: MySQL8Dialect has been deprecated; use org.hibernate.dialect.MySQLDialect instead
2025-08-04T13:36:31.924+05:30  INFO 13064 --- [11-BackEnd] [main] org.hibernate.orm.connections.pooling    : HHH10001005: Database info:
	Database JDBC URL [Connecting through datasource 'HikariDataSource (HikariPool-1)']
	Database driver: undefined/unknown
	Database version: 8.0
	Autocommit mode: undefined/unknown
	Isolation level: undefined/unknown
	Minimum pool size: undefined/unknown
	Maximum pool size: undefined/unknown
2025-08-04T13:36:32.636+05:30  INFO 13064 --- [11-BackEnd] [main] o.h.e.t.j.p.i.JtaPlatformInitiator       : HHH000489: No JTA platform available (set 'hibernate.transaction.jta.platform' to enable JTA platform integration)
2025-08-04T13:36:32.697+05:30  INFO 13064 --- [11-BackEnd] [main] j.LocalContainerEntityManagerFactoryBean : Initialized JPA EntityManagerFactory for persistence unit 'default'
2025-08-04T13:36:32.887+05:30  INFO 13064 --- [11-BackEnd] [main] o.s.d.j.r.query.QueryEnhancerFactory     : Hibernate is in classpath; If applicable, HQL parser will be used.
2025-08-04T13:36:33.038+05:30  WARN 13064 --- [11-BackEnd] [main] JpaBaseConfiguration$JpaWebConfiguration : spring.jpa.open-in-view is enabled by default. Therefore, database queries may be performed during view rendering. Explicitly configure spring.jpa.open-in-view to disable this warning
2025-08-04T13:36:33.498+05:30  INFO 13064 --- [11-BackEnd] [main] o.s.b.w.embedded.tomcat.TomcatWebServer  : Tomcat started on port 8080 (http) with context path '/'
2025-08-04T13:36:33.505+05:30  INFO 13064 --- [11-BackEnd] [main] backend.Application                      : Started Application in 4.339 seconds (process running for 5.171)
2025-08-04T13:36:53.669+05:30  INFO 13064 --- [11-BackEnd] [http-nio-8080-exec-2] o.a.c.c.C.[Tomcat].[localhost].[/]       : Initializing Spring DispatcherServlet 'dispatcherServlet'
2025-08-04T13:36:53.669+05:30  INFO 13064 --- [11-BackEnd] [http-nio-8080-exec-2] o.s.web.servlet.DispatcherServlet        : Initializing Servlet 'dispatcherServlet'
2025-08-04T13:36:53.670+05:30  INFO 13064 --- [11-BackEnd] [http-nio-8080-exec-2] o.s.web.servlet.DispatcherServlet        : Completed initialization in 1 ms
2025-08-04T13:40:31.621+05:30  INFO 13064 --- [11-BackEnd] [SpringApplicationShutdownHook] o.s.b.w.e.tomcat.GracefulShutdown        : Commencing graceful shutdown. Waiting for active requests to complete
2025-08-04T13:40:31.645+05:30  INFO 13064 --- [11-BackEnd] [tomcat-shutdown] o.s.b.w.e.tomcat.GracefulShutdown        : Graceful shutdown complete
2025-08-04T13:40:31.651+05:30  INFO 13064 --- [11-BackEnd] [SpringApplicationShutdownHook] j.LocalContainerEntityManagerFactoryBean : Closing JPA EntityManagerFactory for persistence unit 'default'
2025-08-04T13:40:31.655+05:30  INFO 13064 --- [11-BackEnd] [SpringApplicationShutdownHook] com.zaxxer.hikari.HikariDataSource       : HikariPool-1 - Shutdown initiated...
2025-08-04T13:40:31.666+05:30  INFO 13064 --- [11-BackEnd] [SpringApplicationShutdownHook] com.zaxxer.hikari.HikariDataSource       : HikariPool-1 - Shutdown completed.
2025-08-04T13:40:36.793+05:30  INFO 11920 --- [11-BackEnd] [main] backend.Application                      : Starting Application using Java 24.0.1 with PID 11920 (E:\Intelij IDEA\IdeaProjects\AAD\SPRING\Spring-Framework\11-BackEnd\target\classes started by LENOVO in E:\Intelij IDEA\IdeaProjects\AAD\SPRING\Spring-Framework)
2025-08-04T13:40:36.795+05:30  INFO 11920 --- [11-BackEnd] [main] backend.Application                      : No active profile set, falling back to 1 default profile: "default"
2025-08-04T13:40:37.529+05:30  INFO 11920 --- [11-BackEnd] [main] .s.d.r.c.RepositoryConfigurationDelegate : Bootstrapping Spring Data JPA repositories in DEFAULT mode.
2025-08-04T13:40:37.573+05:30  INFO 11920 --- [11-BackEnd] [main] .s.d.r.c.RepositoryConfigurationDelegate : Finished Spring Data repository scanning in 38 ms. Found 1 JPA repository interface.
2025-08-04T13:40:37.972+05:30  INFO 11920 --- [11-BackEnd] [main] o.s.b.w.embedded.tomcat.TomcatWebServer  : Tomcat initialized with port 8080 (http)
2025-08-04T13:40:37.985+05:30  INFO 11920 --- [11-BackEnd] [main] o.apache.catalina.core.StandardService   : Starting service [Tomcat]
2025-08-04T13:40:37.986+05:30  INFO 11920 --- [11-BackEnd] [main] o.apache.catalina.core.StandardEngine    : Starting Servlet engine: [Apache Tomcat/10.1.43]
2025-08-04T13:40:38.035+05:30  INFO 11920 --- [11-BackEnd] [main] o.a.c.c.C.[Tomcat].[localhost].[/]       : Initializing Spring embedded WebApplicationContext
2025-08-04T13:40:38.035+05:30  INFO 11920 --- [11-BackEnd] [main] w.s.c.ServletWebServerApplicationContext : Root WebApplicationContext: initialization completed in 1190 ms
2025-08-04T13:40:38.168+05:30  INFO 11920 --- [11-BackEnd] [main] o.hibernate.jpa.internal.util.LogHelper  : HHH000204: Processing PersistenceUnitInfo [name: default]
2025-08-04T13:40:38.221+05:30  INFO 11920 --- [11-BackEnd] [main] org.hibernate.Version                    : HHH000412: Hibernate ORM core version 6.6.22.Final
2025-08-04T13:40:38.251+05:30  INFO 11920 --- [11-BackEnd] [main] o.h.c.internal.RegionFactoryInitiator    : HHH000026: Second-level cache disabled
2025-08-04T13:40:38.481+05:30  INFO 11920 --- [11-BackEnd] [main] o.s.o.j.p.SpringPersistenceUnitInfo      : No LoadTimeWeaver setup: ignoring JPA class transformer
2025-08-04T13:40:38.503+05:30  INFO 11920 --- [11-BackEnd] [main] com.zaxxer.hikari.HikariDataSource       : HikariPool-1 - Starting...
2025-08-04T13:40:38.845+05:30  INFO 11920 --- [11-BackEnd] [main] com.zaxxer.hikari.pool.HikariPool        : HikariPool-1 - Added connection com.mysql.cj.jdbc.ConnectionImpl@3221588e
2025-08-04T13:40:38.847+05:30  INFO 11920 --- [11-BackEnd] [main] com.zaxxer.hikari.HikariDataSource       : HikariPool-1 - Start completed.
2025-08-04T13:40:38.888+05:30  WARN 11920 --- [11-BackEnd] [main] org.hibernate.orm.deprecation            : HHH90000025: MySQL8Dialect does not need to be specified explicitly using 'hibernate.dialect' (remove the property setting and it will be selected by default)
2025-08-04T13:40:38.890+05:30  WARN 11920 --- [11-BackEnd] [main] org.hibernate.orm.deprecation            : HHH90000026: MySQL8Dialect has been deprecated; use org.hibernate.dialect.MySQLDialect instead
2025-08-04T13:40:38.905+05:30  INFO 11920 --- [11-BackEnd] [main] org.hibernate.orm.connections.pooling    : HHH10001005: Database info:
	Database JDBC URL [Connecting through datasource 'HikariDataSource (HikariPool-1)']
	Database driver: undefined/unknown
	Database version: 8.0
	Autocommit mode: undefined/unknown
	Isolation level: undefined/unknown
	Minimum pool size: undefined/unknown
	Maximum pool size: undefined/unknown
2025-08-04T13:40:39.660+05:30  INFO 11920 --- [11-BackEnd] [main] o.h.e.t.j.p.i.JtaPlatformInitiator       : HHH000489: No JTA platform available (set 'hibernate.transaction.jta.platform' to enable JTA platform integration)
2025-08-04T13:40:39.714+05:30  INFO 11920 --- [11-BackEnd] [main] j.LocalContainerEntityManagerFactoryBean : Initialized JPA EntityManagerFactory for persistence unit 'default'
2025-08-04T13:40:39.908+05:30  INFO 11920 --- [11-BackEnd] [main] o.s.d.j.r.query.QueryEnhancerFactory     : Hibernate is in classpath; If applicable, HQL parser will be used.
2025-08-04T13:40:40.064+05:30  WARN 11920 --- [11-BackEnd] [main] JpaBaseConfiguration$JpaWebConfiguration : spring.jpa.open-in-view is enabled by default. Therefore, database queries may be performed during view rendering. Explicitly configure spring.jpa.open-in-view to disable this warning
2025-08-04T13:40:40.480+05:30  INFO 11920 --- [11-BackEnd] [main] o.s.b.w.embedded.tomcat.TomcatWebServer  : Tomcat started on port 8080 (http) with context path '/'
2025-08-04T13:40:40.486+05:30  INFO 11920 --- [11-BackEnd] [main] backend.Application                      : Started Application in 4.16 seconds (process running for 4.783)
2025-08-04T13:40:50.752+05:30  INFO 11920 --- [11-BackEnd] [http-nio-8080-exec-1] o.a.c.c.C.[Tomcat].[localhost].[/]       : Initializing Spring DispatcherServlet 'dispatcherServlet'
2025-08-04T13:40:50.752+05:30  INFO 11920 --- [11-BackEnd] [http-nio-8080-exec-1] o.s.web.servlet.DispatcherServlet        : Initializing Servlet 'dispatcherServlet'
2025-08-04T13:40:50.753+05:30  INFO 11920 --- [11-BackEnd] [http-nio-8080-exec-1] o.s.web.servlet.DispatcherServlet        : Completed initialization in 1 ms
2025-08-04T13:42:30.257+05:30  INFO 11920 --- [11-BackEnd] [SpringApplicationShutdownHook] o.s.b.w.e.tomcat.GracefulShutdown        : Commencing graceful shutdown. Waiting for active requests to complete
2025-08-04T13:42:30.280+05:30  INFO 11920 --- [11-BackEnd] [tomcat-shutdown] o.s.b.w.e.tomcat.GracefulShutdown        : Graceful shutdown complete
2025-08-04T13:42:30.285+05:30  INFO 11920 --- [11-BackEnd] [SpringApplicationShutdownHook] j.LocalContainerEntityManagerFactoryBean : Closing JPA EntityManagerFactory for persistence unit 'default'
2025-08-04T13:42:30.287+05:30  INFO 11920 --- [11-BackEnd] [SpringApplicationShutdownHook] com.zaxxer.hikari.HikariDataSource       : HikariPool-1 - Shutdown initiated...
2025-08-04T13:42:30.298+05:30  INFO 11920 --- [11-BackEnd] [SpringApplicationShutdownHook] com.zaxxer.hikari.HikariDataSource       : HikariPool-1 - Shutdown completed.
2025-08-04T13:42:35.017+05:30  INFO 12320 --- [11-BackEnd] [main] backend.Application                      : Starting Application using Java 24.0.1 with PID 12320 (E:\Intelij IDEA\IdeaProjects\AAD\SPRING\Spring-Framework\11-BackEnd\target\classes started by LENOVO in E:\Intelij IDEA\IdeaProjects\AAD\SPRING\Spring-Framework)
2025-08-04T13:42:35.021+05:30  INFO 12320 --- [11-BackEnd] [main] backend.Application                      : No active profile set, falling back to 1 default profile: "default"
2025-08-04T13:42:35.929+05:30  INFO 12320 --- [11-BackEnd] [main] .s.d.r.c.RepositoryConfigurationDelegate : Bootstrapping Spring Data JPA repositories in DEFAULT mode.
2025-08-04T13:42:35.985+05:30  INFO 12320 --- [11-BackEnd] [main] .s.d.r.c.RepositoryConfigurationDelegate : Finished Spring Data repository scanning in 44 ms. Found 1 JPA repository interface.
2025-08-04T13:42:36.447+05:30  INFO 12320 --- [11-BackEnd] [main] o.s.b.w.embedded.tomcat.TomcatWebServer  : Tomcat initialized with port 8080 (http)
2025-08-04T13:42:36.458+05:30  INFO 12320 --- [11-BackEnd] [main] o.apache.catalina.core.StandardService   : Starting service [Tomcat]
2025-08-04T13:42:36.459+05:30  INFO 12320 --- [11-BackEnd] [main] o.apache.catalina.core.StandardEngine    : Starting Servlet engine: [Apache Tomcat/10.1.43]
2025-08-04T13:42:36.506+05:30  INFO 12320 --- [11-BackEnd] [main] o.a.c.c.C.[Tomcat].[localhost].[/]       : Initializing Spring embedded WebApplicationContext
2025-08-04T13:42:36.506+05:30  INFO 12320 --- [11-BackEnd] [main] w.s.c.ServletWebServerApplicationContext : Root WebApplicationContext: initialization completed in 1431 ms
2025-08-04T13:42:36.625+05:30  INFO 12320 --- [11-BackEnd] [main] o.hibernate.jpa.internal.util.LogHelper  : HHH000204: Processing PersistenceUnitInfo [name: default]
2025-08-04T13:42:36.670+05:30  INFO 12320 --- [11-BackEnd] [main] org.hibernate.Version                    : HHH000412: Hibernate ORM core version 6.6.22.Final
2025-08-04T13:42:36.703+05:30  INFO 12320 --- [11-BackEnd] [main] o.h.c.internal.RegionFactoryInitiator    : HHH000026: Second-level cache disabled
2025-08-04T13:42:37.030+05:30  INFO 12320 --- [11-BackEnd] [main] o.s.o.j.p.SpringPersistenceUnitInfo      : No LoadTimeWeaver setup: ignoring JPA class transformer
2025-08-04T13:42:37.067+05:30  INFO 12320 --- [11-BackEnd] [main] com.zaxxer.hikari.HikariDataSource       : HikariPool-1 - Starting...
2025-08-04T13:42:37.454+05:30  INFO 12320 --- [11-BackEnd] [main] com.zaxxer.hikari.pool.HikariPool        : HikariPool-1 - Added connection com.mysql.cj.jdbc.ConnectionImpl@6bf0f70a
2025-08-04T13:42:37.455+05:30  INFO 12320 --- [11-BackEnd] [main] com.zaxxer.hikari.HikariDataSource       : HikariPool-1 - Start completed.
2025-08-04T13:42:37.493+05:30  WARN 12320 --- [11-BackEnd] [main] org.hibernate.orm.deprecation            : HHH90000025: MySQL8Dialect does not need to be specified explicitly using 'hibernate.dialect' (remove the property setting and it will be selected by default)
2025-08-04T13:42:37.495+05:30  WARN 12320 --- [11-BackEnd] [main] org.hibernate.orm.deprecation            : HHH90000026: MySQL8Dialect has been deprecated; use org.hibernate.dialect.MySQLDialect instead
2025-08-04T13:42:37.506+05:30  INFO 12320 --- [11-BackEnd] [main] org.hibernate.orm.connections.pooling    : HHH10001005: Database info:
	Database JDBC URL [Connecting through datasource 'HikariDataSource (HikariPool-1)']
	Database driver: undefined/unknown
	Database version: 8.0
	Autocommit mode: undefined/unknown
	Isolation level: undefined/unknown
	Minimum pool size: undefined/unknown
	Maximum pool size: undefined/unknown
2025-08-04T13:42:38.563+05:30  INFO 12320 --- [11-BackEnd] [main] o.h.e.t.j.p.i.JtaPlatformInitiator       : HHH000489: No JTA platform available (set 'hibernate.transaction.jta.platform' to enable JTA platform integration)
2025-08-04T13:42:38.645+05:30  INFO 12320 --- [11-BackEnd] [main] j.LocalContainerEntityManagerFactoryBean : Initialized JPA EntityManagerFactory for persistence unit 'default'
2025-08-04T13:42:38.917+05:30  INFO 12320 --- [11-BackEnd] [main] o.s.d.j.r.query.QueryEnhancerFactory     : Hibernate is in classpath; If applicable, HQL parser will be used.
2025-08-04T13:42:39.132+05:30  WARN 12320 --- [11-BackEnd] [main] JpaBaseConfiguration$JpaWebConfiguration : spring.jpa.open-in-view is enabled by default. Therefore, database queries may be performed during view rendering. Explicitly configure spring.jpa.open-in-view to disable this warning
2025-08-04T13:42:39.638+05:30  INFO 12320 --- [11-BackEnd] [main] o.s.b.w.embedded.tomcat.TomcatWebServer  : Tomcat started on port 8080 (http) with context path '/'
2025-08-04T13:42:39.649+05:30  INFO 12320 --- [11-BackEnd] [main] backend.Application                      : Started Application in 5.171 seconds (process running for 5.808)
2025-08-04T13:42:40.064+05:30  INFO 12320 --- [11-BackEnd] [http-nio-8080-exec-2] o.a.c.c.C.[Tomcat].[localhost].[/]       : Initializing Spring DispatcherServlet 'dispatcherServlet'
2025-08-04T13:42:40.067+05:30  INFO 12320 --- [11-BackEnd] [http-nio-8080-exec-2] o.s.web.servlet.DispatcherServlet        : Initializing Servlet 'dispatcherServlet'
2025-08-04T13:42:40.067+05:30  INFO 12320 --- [11-BackEnd] [http-nio-8080-exec-2] o.s.web.servlet.DispatcherServlet        : Completed initialization in 0 ms
2025-08-04T13:45:11.970+05:30  INFO 12320 --- [11-BackEnd] [http-nio-8080-exec-8] backend.controller.JobController         :  Info job - created 
2025-08-04T13:45:11.974+05:30  WARN 12320 --- [11-BackEnd] [http-nio-8080-exec-8] backend.controller.JobController         :  Error job - created
2025-08-04T13:45:11.978+05:30 ERROR 12320 --- [11-BackEnd] [http-nio-8080-exec-8] backend.controller.JobController         :  Error job - created
2025-08-04T13:57:12.971+05:30  INFO 12320 --- [11-BackEnd] [SpringApplicationShutdownHook] o.s.b.w.e.tomcat.GracefulShutdown        : Commencing graceful shutdown. Waiting for active requests to complete
2025-08-04T13:57:12.998+05:30  INFO 12320 --- [11-BackEnd] [tomcat-shutdown] o.s.b.w.e.tomcat.GracefulShutdown        : Graceful shutdown complete
2025-08-04T13:57:13.006+05:30  INFO 12320 --- [11-BackEnd] [SpringApplicationShutdownHook] j.LocalContainerEntityManagerFactoryBean : Closing JPA EntityManagerFactory for persistence unit 'default'
2025-08-04T13:57:13.013+05:30  INFO 12320 --- [11-BackEnd] [SpringApplicationShutdownHook] com.zaxxer.hikari.HikariDataSource       : HikariPool-1 - Shutdown initiated...
2025-08-04T13:57:13.021+05:30  INFO 12320 --- [11-BackEnd] [SpringApplicationShutdownHook] com.zaxxer.hikari.HikariDataSource       : HikariPool-1 - Shutdown completed.
2025-08-04T13:57:18.312+05:30  INFO 1904 --- [11-BackEnd] [main] backend.Application                      : Starting Application using Java 24.0.1 with PID 1904 (E:\Intelij IDEA\IdeaProjects\AAD\SPRING\Spring-Framework\11-BackEnd\target\classes started by LENOVO in E:\Intelij IDEA\IdeaProjects\AAD\SPRING\Spring-Framework)
2025-08-04T13:57:18.314+05:30  INFO 1904 --- [11-BackEnd] [main] backend.Application                      : No active profile set, falling back to 1 default profile: "default"
2025-08-04T13:57:19.118+05:30  INFO 1904 --- [11-BackEnd] [main] .s.d.r.c.RepositoryConfigurationDelegate : Bootstrapping Spring Data JPA repositories in DEFAULT mode.
2025-08-04T13:57:19.168+05:30  INFO 1904 --- [11-BackEnd] [main] .s.d.r.c.RepositoryConfigurationDelegate : Finished Spring Data repository scanning in 42 ms. Found 1 JPA repository interface.
2025-08-04T13:57:19.593+05:30  INFO 1904 --- [11-BackEnd] [main] o.s.b.w.embedded.tomcat.TomcatWebServer  : Tomcat initialized with port 8080 (http)
2025-08-04T13:57:19.605+05:30  INFO 1904 --- [11-BackEnd] [main] o.apache.catalina.core.StandardService   : Starting service [Tomcat]
2025-08-04T13:57:19.606+05:30  INFO 1904 --- [11-BackEnd] [main] o.apache.catalina.core.StandardEngine    : Starting Servlet engine: [Apache Tomcat/10.1.43]
2025-08-04T13:57:19.649+05:30  INFO 1904 --- [11-BackEnd] [main] o.a.c.c.C.[Tomcat].[localhost].[/]       : Initializing Spring embedded WebApplicationContext
2025-08-04T13:57:19.649+05:30  INFO 1904 --- [11-BackEnd] [main] w.s.c.ServletWebServerApplicationContext : Root WebApplicationContext: initialization completed in 1289 ms
2025-08-04T13:57:19.786+05:30  INFO 1904 --- [11-BackEnd] [main] o.hibernate.jpa.internal.util.LogHelper  : HHH000204: Processing PersistenceUnitInfo [name: default]
2025-08-04T13:57:19.834+05:30  INFO 1904 --- [11-BackEnd] [main] org.hibernate.Version                    : HHH000412: Hibernate ORM core version 6.6.22.Final
2025-08-04T13:57:19.880+05:30  INFO 1904 --- [11-BackEnd] [main] o.h.c.internal.RegionFactoryInitiator    : HHH000026: Second-level cache disabled
2025-08-04T13:57:20.106+05:30  INFO 1904 --- [11-BackEnd] [main] o.s.o.j.p.SpringPersistenceUnitInfo      : No LoadTimeWeaver setup: ignoring JPA class transformer
2025-08-04T13:57:20.134+05:30  INFO 1904 --- [11-BackEnd] [main] com.zaxxer.hikari.HikariDataSource       : HikariPool-1 - Starting...
2025-08-04T13:57:20.477+05:30  INFO 1904 --- [11-BackEnd] [main] com.zaxxer.hikari.pool.HikariPool        : HikariPool-1 - Added connection com.mysql.cj.jdbc.ConnectionImpl@52d63b7e
2025-08-04T13:57:20.479+05:30  INFO 1904 --- [11-BackEnd] [main] com.zaxxer.hikari.HikariDataSource       : HikariPool-1 - Start completed.
2025-08-04T13:57:20.530+05:30  WARN 1904 --- [11-BackEnd] [main] org.hibernate.orm.deprecation            : HHH90000025: MySQL8Dialect does not need to be specified explicitly using 'hibernate.dialect' (remove the property setting and it will be selected by default)
2025-08-04T13:57:20.531+05:30  WARN 1904 --- [11-BackEnd] [main] org.hibernate.orm.deprecation            : HHH90000026: MySQL8Dialect has been deprecated; use org.hibernate.dialect.MySQLDialect instead
2025-08-04T13:57:20.543+05:30  INFO 1904 --- [11-BackEnd] [main] org.hibernate.orm.connections.pooling    : HHH10001005: Database info:
	Database JDBC URL [Connecting through datasource 'HikariDataSource (HikariPool-1)']
	Database driver: undefined/unknown
	Database version: 8.0
	Autocommit mode: undefined/unknown
	Isolation level: undefined/unknown
	Minimum pool size: undefined/unknown
	Maximum pool size: undefined/unknown
2025-08-04T13:57:21.274+05:30  INFO 1904 --- [11-BackEnd] [main] o.h.e.t.j.p.i.JtaPlatformInitiator       : HHH000489: No JTA platform available (set 'hibernate.transaction.jta.platform' to enable JTA platform integration)
2025-08-04T13:57:21.337+05:30  INFO 1904 --- [11-BackEnd] [main] j.LocalContainerEntityManagerFactoryBean : Initialized JPA EntityManagerFactory for persistence unit 'default'
2025-08-04T13:57:21.525+05:30  INFO 1904 --- [11-BackEnd] [main] o.s.d.j.r.query.QueryEnhancerFactory     : Hibernate is in classpath; If applicable, HQL parser will be used.
2025-08-04T13:57:21.681+05:30  WARN 1904 --- [11-BackEnd] [main] JpaBaseConfiguration$JpaWebConfiguration : spring.jpa.open-in-view is enabled by default. Therefore, database queries may be performed during view rendering. Explicitly configure spring.jpa.open-in-view to disable this warning
2025-08-04T13:57:22.089+05:30  INFO 1904 --- [11-BackEnd] [main] o.s.b.w.embedded.tomcat.TomcatWebServer  : Tomcat started on port 8080 (http) with context path '/'
2025-08-04T13:57:22.097+05:30  INFO 1904 --- [11-BackEnd] [main] backend.Application                      : Started Application in 4.326 seconds (process running for 4.958)
2025-08-04T13:57:38.190+05:30  INFO 1904 --- [11-BackEnd] [http-nio-8080-exec-1] o.a.c.c.C.[Tomcat].[localhost].[/]       : Initializing Spring DispatcherServlet 'dispatcherServlet'
2025-08-04T13:57:38.191+05:30  INFO 1904 --- [11-BackEnd] [http-nio-8080-exec-1] o.s.web.servlet.DispatcherServlet        : Initializing Servlet 'dispatcherServlet'
2025-08-04T13:57:38.192+05:30  INFO 1904 --- [11-BackEnd] [http-nio-8080-exec-1] o.s.web.servlet.DispatcherServlet        : Completed initialization in 1 ms
2025-08-04T13:59:21.452+05:30  INFO 1904 --- [11-BackEnd] [SpringApplicationShutdownHook] o.s.b.w.e.tomcat.GracefulShutdown        : Commencing graceful shutdown. Waiting for active requests to complete
2025-08-04T13:59:21.479+05:30  INFO 1904 --- [11-BackEnd] [tomcat-shutdown] o.s.b.w.e.tomcat.GracefulShutdown        : Graceful shutdown complete
2025-08-04T13:59:21.482+05:30  INFO 1904 --- [11-BackEnd] [SpringApplicationShutdownHook] j.LocalContainerEntityManagerFactoryBean : Closing JPA EntityManagerFactory for persistence unit 'default'
2025-08-04T13:59:21.484+05:30  INFO 1904 --- [11-BackEnd] [SpringApplicationShutdownHook] com.zaxxer.hikari.HikariDataSource       : HikariPool-1 - Shutdown initiated...
2025-08-04T13:59:21.489+05:30  INFO 1904 --- [11-BackEnd] [SpringApplicationShutdownHook] com.zaxxer.hikari.HikariDataSource       : HikariPool-1 - Shutdown completed.
2025-08-04T13:59:25.787+05:30  INFO 13812 --- [11-BackEnd] [main] backend.Application                      : Starting Application using Java 24.0.1 with PID 13812 (E:\Intelij IDEA\IdeaProjects\AAD\SPRING\Spring-Framework\11-BackEnd\target\classes started by LENOVO in E:\Intelij IDEA\IdeaProjects\AAD\SPRING\Spring-Framework)
2025-08-04T13:59:25.790+05:30  INFO 13812 --- [11-BackEnd] [main] backend.Application                      : No active profile set, falling back to 1 default profile: "default"
2025-08-04T13:59:26.508+05:30  INFO 13812 --- [11-BackEnd] [main] .s.d.r.c.RepositoryConfigurationDelegate : Bootstrapping Spring Data JPA repositories in DEFAULT mode.
2025-08-04T13:59:26.558+05:30  INFO 13812 --- [11-BackEnd] [main] .s.d.r.c.RepositoryConfigurationDelegate : Finished Spring Data repository scanning in 41 ms. Found 1 JPA repository interface.
2025-08-04T13:59:26.985+05:30  INFO 13812 --- [11-BackEnd] [main] o.s.b.w.embedded.tomcat.TomcatWebServer  : Tomcat initialized with port 8080 (http)
2025-08-04T13:59:26.996+05:30  INFO 13812 --- [11-BackEnd] [main] o.apache.catalina.core.StandardService   : Starting service [Tomcat]
2025-08-04T13:59:26.997+05:30  INFO 13812 --- [11-BackEnd] [main] o.apache.catalina.core.StandardEngine    : Starting Servlet engine: [Apache Tomcat/10.1.43]
2025-08-04T13:59:27.046+05:30  INFO 13812 --- [11-BackEnd] [main] o.a.c.c.C.[Tomcat].[localhost].[/]       : Initializing Spring embedded WebApplicationContext
2025-08-04T13:59:27.047+05:30  INFO 13812 --- [11-BackEnd] [main] w.s.c.ServletWebServerApplicationContext : Root WebApplicationContext: initialization completed in 1205 ms
2025-08-04T13:59:27.172+05:30  INFO 13812 --- [11-BackEnd] [main] o.hibernate.jpa.internal.util.LogHelper  : HHH000204: Processing PersistenceUnitInfo [name: default]
2025-08-04T13:59:27.223+05:30  INFO 13812 --- [11-BackEnd] [main] org.hibernate.Version                    : HHH000412: Hibernate ORM core version 6.6.22.Final
2025-08-04T13:59:27.263+05:30  INFO 13812 --- [11-BackEnd] [main] o.h.c.internal.RegionFactoryInitiator    : HHH000026: Second-level cache disabled
2025-08-04T13:59:27.498+05:30  INFO 13812 --- [11-BackEnd] [main] o.s.o.j.p.SpringPersistenceUnitInfo      : No LoadTimeWeaver setup: ignoring JPA class transformer
2025-08-04T13:59:27.520+05:30  INFO 13812 --- [11-BackEnd] [main] com.zaxxer.hikari.HikariDataSource       : HikariPool-1 - Starting...
2025-08-04T13:59:27.941+05:30  INFO 13812 --- [11-BackEnd] [main] com.zaxxer.hikari.pool.HikariPool        : HikariPool-1 - Added connection com.mysql.cj.jdbc.ConnectionImpl@78e043e4
2025-08-04T13:59:27.942+05:30  INFO 13812 --- [11-BackEnd] [main] com.zaxxer.hikari.HikariDataSource       : HikariPool-1 - Start completed.
2025-08-04T13:59:27.988+05:30  WARN 13812 --- [11-BackEnd] [main] org.hibernate.orm.deprecation            : HHH90000025: MySQL8Dialect does not need to be specified explicitly using 'hibernate.dialect' (remove the property setting and it will be selected by default)
2025-08-04T13:59:27.989+05:30  WARN 13812 --- [11-BackEnd] [main] org.hibernate.orm.deprecation            : HHH90000026: MySQL8Dialect has been deprecated; use org.hibernate.dialect.MySQLDialect instead
2025-08-04T13:59:28.004+05:30  INFO 13812 --- [11-BackEnd] [main] org.hibernate.orm.connections.pooling    : HHH10001005: Database info:
	Database JDBC URL [Connecting through datasource 'HikariDataSource (HikariPool-1)']
	Database driver: undefined/unknown
	Database version: 8.0
	Autocommit mode: undefined/unknown
	Isolation level: undefined/unknown
	Minimum pool size: undefined/unknown
	Maximum pool size: undefined/unknown
2025-08-04T13:59:28.769+05:30  INFO 13812 --- [11-BackEnd] [main] o.h.e.t.j.p.i.JtaPlatformInitiator       : HHH000489: No JTA platform available (set 'hibernate.transaction.jta.platform' to enable JTA platform integration)
2025-08-04T13:59:28.825+05:30  INFO 13812 --- [11-BackEnd] [main] j.LocalContainerEntityManagerFactoryBean : Initialized JPA EntityManagerFactory for persistence unit 'default'
2025-08-04T13:59:29.025+05:30  INFO 13812 --- [11-BackEnd] [main] o.s.d.j.r.query.QueryEnhancerFactory     : Hibernate is in classpath; If applicable, HQL parser will be used.
2025-08-04T13:59:29.192+05:30  WARN 13812 --- [11-BackEnd] [main] JpaBaseConfiguration$JpaWebConfiguration : spring.jpa.open-in-view is enabled by default. Therefore, database queries may be performed during view rendering. Explicitly configure spring.jpa.open-in-view to disable this warning
2025-08-04T13:59:29.669+05:30  INFO 13812 --- [11-BackEnd] [main] o.s.b.w.embedded.tomcat.TomcatWebServer  : Tomcat started on port 8080 (http) with context path '/'
2025-08-04T13:59:29.678+05:30  INFO 13812 --- [11-BackEnd] [main] backend.Application                      : Started Application in 4.346 seconds (process running for 4.936)
2025-08-04T13:59:36.918+05:30  INFO 13812 --- [11-BackEnd] [http-nio-8080-exec-1] o.a.c.c.C.[Tomcat].[localhost].[/]       : Initializing Spring DispatcherServlet 'dispatcherServlet'
2025-08-04T13:59:36.918+05:30  INFO 13812 --- [11-BackEnd] [http-nio-8080-exec-1] o.s.web.servlet.DispatcherServlet        : Initializing Servlet 'dispatcherServlet'
2025-08-04T13:59:36.923+05:30  INFO 13812 --- [11-BackEnd] [http-nio-8080-exec-1] o.s.web.servlet.DispatcherServlet        : Completed initialization in 1 ms
2025-08-04T14:00:33.063+05:30  INFO 13812 --- [11-BackEnd] [http-nio-8080-exec-7] backend.controller.JobController         :  Info job - created 
2025-08-04T14:00:33.063+05:30  WARN 13812 --- [11-BackEnd] [http-nio-8080-exec-7] backend.controller.JobController         :  Error job - created
2025-08-04T14:00:33.063+05:30 ERROR 13812 --- [11-BackEnd] [http-nio-8080-exec-7] backend.controller.JobController         :  Error job - created
2025-08-04T14:08:22.862+05:30  INFO 13812 --- [11-BackEnd] [SpringApplicationShutdownHook] o.s.b.w.e.tomcat.GracefulShutdown        : Commencing graceful shutdown. Waiting for active requests to complete
2025-08-04T14:08:22.882+05:30  INFO 13812 --- [11-BackEnd] [tomcat-shutdown] o.s.b.w.e.tomcat.GracefulShutdown        : Graceful shutdown complete
2025-08-04T14:08:22.885+05:30  INFO 13812 --- [11-BackEnd] [SpringApplicationShutdownHook] j.LocalContainerEntityManagerFactoryBean : Closing JPA EntityManagerFactory for persistence unit 'default'
2025-08-04T14:08:22.888+05:30  INFO 13812 --- [11-BackEnd] [SpringApplicationShutdownHook] com.zaxxer.hikari.HikariDataSource       : HikariPool-1 - Shutdown initiated...
2025-08-04T14:08:22.895+05:30  INFO 13812 --- [11-BackEnd] [SpringApplicationShutdownHook] com.zaxxer.hikari.HikariDataSource       : HikariPool-1 - Shutdown completed.
2025-08-04T14:08:28.655+05:30  INFO 2432 --- [11-BackEnd] [main] backend.Application                      : Starting Application using Java 24.0.1 with PID 2432 (E:\Intelij IDEA\IdeaProjects\AAD\SPRING\Spring-Framework\11-BackEnd\target\classes started by LENOVO in E:\Intelij IDEA\IdeaProjects\AAD\SPRING\Spring-Framework)
2025-08-04T14:08:28.658+05:30  INFO 2432 --- [11-BackEnd] [main] backend.Application                      : No active profile set, falling back to 1 default profile: "default"
2025-08-04T14:08:29.419+05:30  INFO 2432 --- [11-BackEnd] [main] .s.d.r.c.RepositoryConfigurationDelegate : Bootstrapping Spring Data JPA repositories in DEFAULT mode.
2025-08-04T14:08:29.470+05:30  INFO 2432 --- [11-BackEnd] [main] .s.d.r.c.RepositoryConfigurationDelegate : Finished Spring Data repository scanning in 44 ms. Found 1 JPA repository interface.
2025-08-04T14:08:29.846+05:30  INFO 2432 --- [11-BackEnd] [main] o.s.b.w.embedded.tomcat.TomcatWebServer  : Tomcat initialized with port 8080 (http)
2025-08-04T14:08:29.866+05:30  INFO 2432 --- [11-BackEnd] [main] o.apache.catalina.core.StandardService   : Starting service [Tomcat]
2025-08-04T14:08:29.868+05:30  INFO 2432 --- [11-BackEnd] [main] o.apache.catalina.core.StandardEngine    : Starting Servlet engine: [Apache Tomcat/10.1.43]
2025-08-04T14:08:29.906+05:30  INFO 2432 --- [11-BackEnd] [main] o.a.c.c.C.[Tomcat].[localhost].[/]       : Initializing Spring embedded WebApplicationContext
2025-08-04T14:08:29.907+05:30  INFO 2432 --- [11-BackEnd] [main] w.s.c.ServletWebServerApplicationContext : Root WebApplicationContext: initialization completed in 1202 ms
2025-08-04T14:08:30.040+05:30  INFO 2432 --- [11-BackEnd] [main] o.hibernate.jpa.internal.util.LogHelper  : HHH000204: Processing PersistenceUnitInfo [name: default]
2025-08-04T14:08:30.087+05:30  INFO 2432 --- [11-BackEnd] [main] org.hibernate.Version                    : HHH000412: Hibernate ORM core version 6.6.22.Final
2025-08-04T14:08:30.116+05:30  INFO 2432 --- [11-BackEnd] [main] o.h.c.internal.RegionFactoryInitiator    : HHH000026: Second-level cache disabled
2025-08-04T14:08:30.343+05:30  INFO 2432 --- [11-BackEnd] [main] o.s.o.j.p.SpringPersistenceUnitInfo      : No LoadTimeWeaver setup: ignoring JPA class transformer
2025-08-04T14:08:30.365+05:30  INFO 2432 --- [11-BackEnd] [main] com.zaxxer.hikari.HikariDataSource       : HikariPool-1 - Starting...
2025-08-04T14:08:30.698+05:30  INFO 2432 --- [11-BackEnd] [main] com.zaxxer.hikari.pool.HikariPool        : HikariPool-1 - Added connection com.mysql.cj.jdbc.ConnectionImpl@714bffd5
2025-08-04T14:08:30.699+05:30  INFO 2432 --- [11-BackEnd] [main] com.zaxxer.hikari.HikariDataSource       : HikariPool-1 - Start completed.
2025-08-04T14:08:30.742+05:30  WARN 2432 --- [11-BackEnd] [main] org.hibernate.orm.deprecation            : HHH90000025: MySQL8Dialect does not need to be specified explicitly using 'hibernate.dialect' (remove the property setting and it will be selected by default)
2025-08-04T14:08:30.743+05:30  WARN 2432 --- [11-BackEnd] [main] org.hibernate.orm.deprecation            : HHH90000026: MySQL8Dialect has been deprecated; use org.hibernate.dialect.MySQLDialect instead
2025-08-04T14:08:30.754+05:30  INFO 2432 --- [11-BackEnd] [main] org.hibernate.orm.connections.pooling    : HHH10001005: Database info:
	Database JDBC URL [Connecting through datasource 'HikariDataSource (HikariPool-1)']
	Database driver: undefined/unknown
	Database version: 8.0
	Autocommit mode: undefined/unknown
	Isolation level: undefined/unknown
	Minimum pool size: undefined/unknown
	Maximum pool size: undefined/unknown
2025-08-04T14:08:31.431+05:30  INFO 2432 --- [11-BackEnd] [main] o.h.e.t.j.p.i.JtaPlatformInitiator       : HHH000489: No JTA platform available (set 'hibernate.transaction.jta.platform' to enable JTA platform integration)
2025-08-04T14:08:31.484+05:30  INFO 2432 --- [11-BackEnd] [main] j.LocalContainerEntityManagerFactoryBean : Initialized JPA EntityManagerFactory for persistence unit 'default'
2025-08-04T14:08:31.678+05:30  INFO 2432 --- [11-BackEnd] [main] o.s.d.j.r.query.QueryEnhancerFactory     : Hibernate is in classpath; If applicable, HQL parser will be used.
2025-08-04T14:08:31.822+05:30  WARN 2432 --- [11-BackEnd] [main] JpaBaseConfiguration$JpaWebConfiguration : spring.jpa.open-in-view is enabled by default. Therefore, database queries may be performed during view rendering. Explicitly configure spring.jpa.open-in-view to disable this warning
2025-08-04T14:08:32.228+05:30  INFO 2432 --- [11-BackEnd] [main] o.s.b.w.embedded.tomcat.TomcatWebServer  : Tomcat started on port 8080 (http) with context path '/'
2025-08-04T14:08:32.236+05:30  INFO 2432 --- [11-BackEnd] [main] backend.Application                      : Started Application in 4.028 seconds (process running for 4.861)
2025-08-04T14:08:46.174+05:30  INFO 2432 --- [11-BackEnd] [http-nio-8080-exec-1] o.a.c.c.C.[Tomcat].[localhost].[/]       : Initializing Spring DispatcherServlet 'dispatcherServlet'
2025-08-04T14:08:46.174+05:30  INFO 2432 --- [11-BackEnd] [http-nio-8080-exec-1] o.s.web.servlet.DispatcherServlet        : Initializing Servlet 'dispatcherServlet'
2025-08-04T14:08:46.176+05:30  INFO 2432 --- [11-BackEnd] [http-nio-8080-exec-1] o.s.web.servlet.DispatcherServlet        : Completed initialization in 2 ms
2025-08-04T14:16:59.705+05:30  INFO 2432 --- [11-BackEnd] [SpringApplicationShutdownHook] o.s.b.w.e.tomcat.GracefulShutdown        : Commencing graceful shutdown. Waiting for active requests to complete
2025-08-04T14:16:59.729+05:30  INFO 2432 --- [11-BackEnd] [tomcat-shutdown] o.s.b.w.e.tomcat.GracefulShutdown        : Graceful shutdown complete
2025-08-04T14:16:59.733+05:30  INFO 2432 --- [11-BackEnd] [SpringApplicationShutdownHook] j.LocalContainerEntityManagerFactoryBean : Closing JPA EntityManagerFactory for persistence unit 'default'
2025-08-04T14:16:59.739+05:30  INFO 2432 --- [11-BackEnd] [SpringApplicationShutdownHook] com.zaxxer.hikari.HikariDataSource       : HikariPool-1 - Shutdown initiated...
2025-08-04T14:16:59.748+05:30  INFO 2432 --- [11-BackEnd] [SpringApplicationShutdownHook] com.zaxxer.hikari.HikariDataSource       : HikariPool-1 - Shutdown completed.
2025-08-04T17:11:25.210+05:30  INFO 18192 --- [11-BackEnd] [main] backend.Application                      : Starting Application using Java 24.0.1 with PID 18192 (E:\Intelij IDEA\IdeaProjects\AAD\SPRING\Spring-Framework\11-BackEnd\target\classes started by LENOVO in E:\Intelij IDEA\IdeaProjects\AAD\SPRING\Spring-Framework)
2025-08-04T17:11:25.219+05:30  INFO 18192 --- [11-BackEnd] [main] backend.Application                      : No active profile set, falling back to 1 default profile: "default"
2025-08-04T17:11:26.328+05:30  INFO 18192 --- [11-BackEnd] [main] .s.d.r.c.RepositoryConfigurationDelegate : Bootstrapping Spring Data JPA repositories in DEFAULT mode.
2025-08-04T17:11:26.386+05:30  INFO 18192 --- [11-BackEnd] [main] .s.d.r.c.RepositoryConfigurationDelegate : Finished Spring Data repository scanning in 48 ms. Found 1 JPA repository interface.
2025-08-04T17:11:26.993+05:30  INFO 18192 --- [11-BackEnd] [main] o.s.b.w.embedded.tomcat.TomcatWebServer  : Tomcat initialized with port 8080 (http)
2025-08-04T17:11:27.027+05:30  INFO 18192 --- [11-BackEnd] [main] o.apache.catalina.core.StandardService   : Starting service [Tomcat]
2025-08-04T17:11:27.028+05:30  INFO 18192 --- [11-BackEnd] [main] o.apache.catalina.core.StandardEngine    : Starting Servlet engine: [Apache Tomcat/10.1.43]
2025-08-04T17:11:27.092+05:30  INFO 18192 --- [11-BackEnd] [main] o.a.c.c.C.[Tomcat].[localhost].[/]       : Initializing Spring embedded WebApplicationContext
2025-08-04T17:11:27.093+05:30  INFO 18192 --- [11-BackEnd] [main] w.s.c.ServletWebServerApplicationContext : Root WebApplicationContext: initialization completed in 1807 ms
2025-08-04T17:11:27.285+05:30  INFO 18192 --- [11-BackEnd] [main] o.hibernate.jpa.internal.util.LogHelper  : HHH000204: Processing PersistenceUnitInfo [name: default]
2025-08-04T17:11:27.377+05:30  INFO 18192 --- [11-BackEnd] [main] org.hibernate.Version                    : HHH000412: Hibernate ORM core version 6.6.22.Final
2025-08-04T17:11:27.440+05:30  INFO 18192 --- [11-BackEnd] [main] o.h.c.internal.RegionFactoryInitiator    : HHH000026: Second-level cache disabled
2025-08-04T17:11:27.790+05:30  INFO 18192 --- [11-BackEnd] [main] o.s.o.j.p.SpringPersistenceUnitInfo      : No LoadTimeWeaver setup: ignoring JPA class transformer
2025-08-04T17:11:27.821+05:30  INFO 18192 --- [11-BackEnd] [main] com.zaxxer.hikari.HikariDataSource       : HikariPool-1 - Starting...
2025-08-04T17:11:28.488+05:30  INFO 18192 --- [11-BackEnd] [main] com.zaxxer.hikari.pool.HikariPool        : HikariPool-1 - Added connection com.mysql.cj.jdbc.ConnectionImpl@74830d73
2025-08-04T17:11:28.490+05:30  INFO 18192 --- [11-BackEnd] [main] com.zaxxer.hikari.HikariDataSource       : HikariPool-1 - Start completed.
2025-08-04T17:11:28.618+05:30  WARN 18192 --- [11-BackEnd] [main] org.hibernate.orm.deprecation            : HHH90000025: MySQL8Dialect does not need to be specified explicitly using 'hibernate.dialect' (remove the property setting and it will be selected by default)
2025-08-04T17:11:28.620+05:30  WARN 18192 --- [11-BackEnd] [main] org.hibernate.orm.deprecation            : HHH90000026: MySQL8Dialect has been deprecated; use org.hibernate.dialect.MySQLDialect instead
2025-08-04T17:11:28.637+05:30  INFO 18192 --- [11-BackEnd] [main] org.hibernate.orm.connections.pooling    : HHH10001005: Database info:
	Database JDBC URL [Connecting through datasource 'HikariDataSource (HikariPool-1)']
	Database driver: undefined/unknown
	Database version: 8.0
	Autocommit mode: undefined/unknown
	Isolation level: undefined/unknown
	Minimum pool size: undefined/unknown
	Maximum pool size: undefined/unknown
2025-08-04T17:11:29.615+05:30  INFO 18192 --- [11-BackEnd] [main] o.h.e.t.j.p.i.JtaPlatformInitiator       : HHH000489: No JTA platform available (set 'hibernate.transaction.jta.platform' to enable JTA platform integration)
2025-08-04T17:11:29.755+05:30  INFO 18192 --- [11-BackEnd] [main] j.LocalContainerEntityManagerFactoryBean : Initialized JPA EntityManagerFactory for persistence unit 'default'
2025-08-04T17:11:30.038+05:30  INFO 18192 --- [11-BackEnd] [main] o.s.d.j.r.query.QueryEnhancerFactory     : Hibernate is in classpath; If applicable, HQL parser will be used.
2025-08-04T17:11:30.219+05:30  WARN 18192 --- [11-BackEnd] [main] JpaBaseConfiguration$JpaWebConfiguration : spring.jpa.open-in-view is enabled by default. Therefore, database queries may be performed during view rendering. Explicitly configure spring.jpa.open-in-view to disable this warning
2025-08-04T17:11:30.708+05:30  INFO 18192 --- [11-BackEnd] [main] o.s.b.w.embedded.tomcat.TomcatWebServer  : Tomcat started on port 8080 (http) with context path '/'
2025-08-04T17:11:30.716+05:30  INFO 18192 --- [11-BackEnd] [main] backend.Application                      : Started Application in 6.084 seconds (process running for 7.023)
2025-08-04T17:11:40.527+05:30  INFO 18192 --- [11-BackEnd] [http-nio-8080-exec-5] o.a.c.c.C.[Tomcat].[localhost].[/]       : Initializing Spring DispatcherServlet 'dispatcherServlet'
2025-08-04T17:11:40.528+05:30  INFO 18192 --- [11-BackEnd] [http-nio-8080-exec-5] o.s.web.servlet.DispatcherServlet        : Initializing Servlet 'dispatcherServlet'
2025-08-04T17:11:40.528+05:30  INFO 18192 --- [11-BackEnd] [http-nio-8080-exec-5] o.s.web.servlet.DispatcherServlet        : Completed initialization in 0 ms
2025-08-04T17:15:54.618+05:30  INFO 18192 --- [11-BackEnd] [SpringApplicationShutdownHook] o.s.b.w.e.tomcat.GracefulShutdown        : Commencing graceful shutdown. Waiting for active requests to complete
2025-08-04T17:15:54.651+05:30  INFO 18192 --- [11-BackEnd] [tomcat-shutdown] o.s.b.w.e.tomcat.GracefulShutdown        : Graceful shutdown complete
2025-08-04T17:15:54.660+05:30  INFO 18192 --- [11-BackEnd] [SpringApplicationShutdownHook] j.LocalContainerEntityManagerFactoryBean : Closing JPA EntityManagerFactory for persistence unit 'default'
2025-08-04T17:15:54.666+05:30  INFO 18192 --- [11-BackEnd] [SpringApplicationShutdownHook] com.zaxxer.hikari.HikariDataSource       : HikariPool-1 - Shutdown initiated...
2025-08-04T17:15:54.675+05:30  INFO 18192 --- [11-BackEnd] [SpringApplicationShutdownHook] com.zaxxer.hikari.HikariDataSource       : HikariPool-1 - Shutdown completed.
